{"numTotalTestSuites":659,"numPassedTestSuites":659,"numFailedTestSuites":0,"numPendingTestSuites":0,"numTotalTests":2413,"numPassedTests":2413,"numFailedTests":0,"numPendingTests":0,"numTodoTests":0,"snapshot":{"added":0,"failure":false,"filesAdded":0,"filesRemoved":0,"filesRemovedList":[],"filesUnmatched":0,"filesUpdated":0,"matched":0,"total":0,"unchecked":0,"uncheckedKeysByFile":[],"unmatched":0,"updated":0,"didUpdate":false},"startTime":1772840700249,"success":true,"testResults":[{"assertionResults":[{"ancestorTitles":["AgentDetail tab configuration"],"fullName":"AgentDetail tab configuration has exactly 5 tabs","status":"passed","title":"has exactly 5 tabs","duration":2.2803740000000516,"failureMessages":[],"meta":{}},{"ancestorTitles":["AgentDetail tab configuration"],"fullName":"AgentDetail tab configuration overview is the first (default) tab","status":"passed","title":"overview is the first (default) tab","duration":0.5722000000000094,"failureMessages":[],"meta":{}},{"ancestorTitles":["AgentDetail tab configuration"],"fullName":"AgentDetail tab configuration all tab IDs are unique","status":"passed","title":"all tab IDs are unique","duration":0.2330180000000155,"failureMessages":[],"meta":{}},{"ancestorTitles":["AgentDetail tab configuration"],"fullName":"AgentDetail tab configuration tab IDs are lowercase with no spaces","status":"passed","title":"tab IDs are lowercase with no spaces","duration":0.7613830000000235,"failureMessages":[],"meta":{}},{"ancestorTitles":["AgentDetail severity colors"],"fullName":"AgentDetail severity colors has colors for all four severity levels","status":"passed","title":"has colors for all four severity levels","duration":0.7577190000000087,"failureMessages":[],"meta":{}},{"ancestorTitles":["AgentDetail severity colors"],"fullName":"AgentDetail severity colors all colors use OKLCH format","status":"passed","title":"all colors use OKLCH format","duration":0.5256179999999517,"failureMessages":[],"meta":{}},{"ancestorTitles":["AgentDetail severity colors"],"fullName":"AgentDetail severity colors Critical is the most saturated (highest chroma)","status":"passed","title":"Critical is the most saturated (highest chroma)","duration":0.4340140000000474,"failureMessages":[],"meta":{}},{"ancestorTitles":["AgentDetail alert level classification"],"fullName":"AgentDetail alert level classification classifies level 15 as critical","status":"passed","title":"classifies level 15 as critical","duration":0.20350400000000946,"failureMessages":[],"meta":{}},{"ancestorTitles":["AgentDetail alert level classification"],"fullName":"AgentDetail alert level classification classifies level 12 as critical","status":"passed","title":"classifies level 12 as critical","duration":0.28218899999995983,"failureMessages":[],"meta":{}},{"ancestorTitles":["AgentDetail alert level classification"],"fullName":"AgentDetail alert level classification classifies level 11 as high","status":"passed","title":"classifies level 11 as high","duration":0.19516900000002124,"failureMessages":[],"meta":{}},{"ancestorTitles":["AgentDetail alert level classification"],"fullName":"AgentDetail alert level classification classifies level 7 as high","status":"passed","title":"classifies level 7 as high","duration":0.16331700000000637,"failureMessages":[],"meta":{}},{"ancestorTitles":["AgentDetail alert level classification"],"fullName":"AgentDetail alert level classification classifies level 6 as medium","status":"passed","title":"classifies level 6 as medium","duration":0.1531559999999672,"failureMessages":[],"meta":{}},{"ancestorTitles":["AgentDetail alert level classification"],"fullName":"AgentDetail alert level classification classifies level 4 as medium","status":"passed","title":"classifies level 4 as medium","duration":0.2318859999999745,"failureMessages":[],"meta":{}},{"ancestorTitles":["AgentDetail alert level classification"],"fullName":"AgentDetail alert level classification classifies level 3 as low","status":"passed","title":"classifies level 3 as low","duration":0.1337530000000129,"failureMessages":[],"meta":{}},{"ancestorTitles":["AgentDetail alert level classification"],"fullName":"AgentDetail alert level classification classifies level 0 as low","status":"passed","title":"classifies level 0 as low","duration":0.13800800000001345,"failureMessages":[],"meta":{}},{"ancestorTitles":["AgentDetail SCA compliance percentage"],"fullName":"AgentDetail SCA compliance percentage calculates 100% when all pass","status":"passed","title":"calculates 100% when all pass","duration":0.2714939999999615,"failureMessages":[],"meta":{}},{"ancestorTitles":["AgentDetail SCA compliance percentage"],"fullName":"AgentDetail SCA compliance percentage calculates 0% when all fail","status":"passed","title":"calculates 0% when all fail","duration":0.23073999999996886,"failureMessages":[],"meta":{}},{"ancestorTitles":["AgentDetail SCA compliance percentage"],"fullName":"AgentDetail SCA compliance percentage handles mixed results correctly","status":"passed","title":"handles mixed results correctly","duration":0.15879000000001042,"failureMessages":[],"meta":{}},{"ancestorTitles":["AgentDetail SCA compliance percentage"],"fullName":"AgentDetail SCA compliance percentage returns 0 when total is 0","status":"passed","title":"returns 0 when total is 0","duration":0.1337289999999598,"failureMessages":[],"meta":{}},{"ancestorTitles":["AgentDetail SCA compliance percentage"],"fullName":"AgentDetail SCA compliance percentage rounds to nearest integer","status":"passed","title":"rounds to nearest integer","duration":0.1645260000000235,"failureMessages":[],"meta":{}},{"ancestorTitles":["AgentDetail vulnerability severity counting"],"fullName":"AgentDetail vulnerability severity counting counts vulnerabilities by severity","status":"passed","title":"counts vulnerabilities by severity","duration":0.317483999999979,"failureMessages":[],"meta":{}},{"ancestorTitles":["AgentDetail vulnerability severity counting"],"fullName":"AgentDetail vulnerability severity counting returns all zeros for empty array","status":"passed","title":"returns all zeros for empty array","duration":0.22798999999997704,"failureMessages":[],"meta":{}},{"ancestorTitles":["AgentDetail vulnerability severity counting"],"fullName":"AgentDetail vulnerability severity counting ignores unknown severity levels","status":"passed","title":"ignores unknown severity levels","duration":0.23822999999998729,"failureMessages":[],"meta":{}},{"ancestorTitles":["AgentDetail pagination"],"fullName":"AgentDetail pagination calculates total pages correctly","status":"passed","title":"calculates total pages correctly","duration":0.7312349999999697,"failureMessages":[],"meta":{}},{"ancestorTitles":["AgentDetail pagination"],"fullName":"AgentDetail pagination minimum is always 1 page","status":"passed","title":"minimum is always 1 page","duration":0.1563960000000293,"failureMessages":[],"meta":{}},{"ancestorTitles":["AgentDetail pagination"],"fullName":"AgentDetail pagination offset calculation is correct","status":"passed","title":"offset calculation is correct","duration":0.18993199999999888,"failureMessages":[],"meta":{}},{"ancestorTitles":["AgentDetail route"],"fullName":"AgentDetail route route pattern matches fleet/:agentId format","status":"passed","title":"route pattern matches fleet/:agentId format","duration":0.2167919999999981,"failureMessages":[],"meta":{}},{"ancestorTitles":["AgentDetail route"],"fullName":"AgentDetail route agent IDs can be extracted from route params","status":"passed","title":"agent IDs can be extracted from route params","duration":0.15124799999995275,"failureMessages":[],"meta":{}},{"ancestorTitles":["AgentDetail route"],"fullName":"AgentDetail route handles missing agentId gracefully","status":"passed","title":"handles missing agentId gracefully","duration":0.14671199999997953,"failureMessages":[],"meta":{}},{"ancestorTitles":["AgentDetail data extraction"],"fullName":"AgentDetail data extraction safely extracts affected_items from Wazuh response","status":"passed","title":"safely extracts affected_items from Wazuh response","duration":0.31922600000001466,"failureMessages":[],"meta":{}},{"ancestorTitles":["AgentDetail data extraction"],"fullName":"AgentDetail data extraction returns empty array when response is null","status":"passed","title":"returns empty array when response is null","duration":0.2872770000000173,"failureMessages":[],"meta":{}},{"ancestorTitles":["AgentDetail data extraction"],"fullName":"AgentDetail data extraction returns empty array when data is missing","status":"passed","title":"returns empty array when data is missing","duration":0.27053300000000036,"failureMessages":[],"meta":{}},{"ancestorTitles":["AgentDetail data extraction"],"fullName":"AgentDetail data extraction extracts agent status correctly","status":"passed","title":"extracts agent status correctly","duration":0.15771799999998848,"failureMessages":[],"meta":{}},{"ancestorTitles":["AgentDetail data extraction"],"fullName":"AgentDetail data extraction falls back to 'unknown' for missing status","status":"passed","title":"falls back to 'unknown' for missing status","duration":0.15303599999998596,"failureMessages":[],"meta":{}},{"ancestorTitles":["AgentDetail data extraction"],"fullName":"AgentDetail data extraction extracts OS info from nested object","status":"passed","title":"extracts OS info from nested object","duration":0.204400000000021,"failureMessages":[],"meta":{}},{"ancestorTitles":["AgentDetail data extraction"],"fullName":"AgentDetail data extraction handles RAM conversion to GB","status":"passed","title":"handles RAM conversion to GB","duration":0.15499499999998534,"failureMessages":[],"meta":{}},{"ancestorTitles":["AgentDetail syscollector sub-tabs"],"fullName":"AgentDetail syscollector sub-tabs has exactly 4 sub-tabs","status":"passed","title":"has exactly 4 sub-tabs","duration":0.28262099999994916,"failureMessages":[],"meta":{}},{"ancestorTitles":["AgentDetail syscollector sub-tabs"],"fullName":"AgentDetail syscollector sub-tabs packages is the default sub-tab","status":"passed","title":"packages is the default sub-tab","duration":0.14400299999999788,"failureMessages":[],"meta":{}},{"ancestorTitles":["AgentDetail syscollector sub-tabs"],"fullName":"AgentDetail syscollector sub-tabs network sub-tab disables pagination","status":"passed","title":"network sub-tab disables pagination","duration":0.1385050000000092,"failureMessages":[],"meta":{}}],"startTime":1772840706867,"endTime":1772840706882.1384,"status":"passed","message":"","name":"/home/ubuntu/dang/server/agentDetail.test.ts"},{"assertionResults":[{"ancestorTitles":["Related Investigations — evidence matching"],"fullName":"Related Investigations — evidence matching matches by evidence data.agentId","status":"passed","title":"matches by evidence data.agentId","duration":1.6555650000000242,"failureMessages":[],"meta":{}},{"ancestorTitles":["Related Investigations — evidence matching"],"fullName":"Related Investigations — evidence matching matches by evidence data.agent_id (underscore variant)","status":"passed","title":"matches by evidence data.agent_id (underscore variant)","duration":0.3634399999999687,"failureMessages":[],"meta":{}},{"ancestorTitles":["Related Investigations — evidence matching"],"fullName":"Related Investigations — evidence matching matches by evidence data.id","status":"passed","title":"matches by evidence data.id","duration":0.23298899999997502,"failureMessages":[],"meta":{}},{"ancestorTitles":["Related Investigations — evidence matching"],"fullName":"Related Investigations — evidence matching matches by evidence label containing Agent ID","status":"passed","title":"matches by evidence label containing Agent ID","duration":0.2058590000000322,"failureMessages":[],"meta":{}},{"ancestorTitles":["Related Investigations — evidence matching"],"fullName":"Related Investigations — evidence matching matches by evidence label with lowercase agent","status":"passed","title":"matches by evidence label with lowercase agent","duration":0.24089399999996886,"failureMessages":[],"meta":{}},{"ancestorTitles":["Related Investigations — evidence matching"],"fullName":"Related Investigations — evidence matching matches by session title","status":"passed","title":"matches by session title","duration":0.2597059999999942,"failureMessages":[],"meta":{}},{"ancestorTitles":["Related Investigations — evidence matching"],"fullName":"Related Investigations — evidence matching matches by session description","status":"passed","title":"matches by session description","duration":0.19879100000002836,"failureMessages":[],"meta":{}},{"ancestorTitles":["Related Investigations — evidence matching"],"fullName":"Related Investigations — evidence matching returns false for no match","status":"passed","title":"returns false for no match","duration":0.2872490000000312,"failureMessages":[],"meta":{}},{"ancestorTitles":["Related Investigations — evidence matching"],"fullName":"Related Investigations — evidence matching handles null/undefined evidence gracefully","status":"passed","title":"handles null/undefined evidence gracefully","duration":0.40576999999996133,"failureMessages":[],"meta":{}},{"ancestorTitles":["Related Investigations — evidence matching"],"fullName":"Related Investigations — evidence matching handles empty evidence array","status":"passed","title":"handles empty evidence array","duration":0.3007750000000442,"failureMessages":[],"meta":{}},{"ancestorTitles":["Related Investigations — status colors"],"fullName":"Related Investigations — status colors has colors for all three statuses","status":"passed","title":"has colors for all three statuses","duration":1.4637609999999768,"failureMessages":[],"meta":{}},{"ancestorTitles":["Related Investigations — status colors"],"fullName":"Related Investigations — status colors each status has bg, text, and border classes","status":"passed","title":"each status has bg, text, and border classes","duration":0.5698710000000347,"failureMessages":[],"meta":{}},{"ancestorTitles":["Activity Timeline — tab configuration"],"fullName":"Activity Timeline — tab configuration has exactly 6 tabs (including timeline)","status":"passed","title":"has exactly 6 tabs (including timeline)","duration":1.1578319999999849,"failureMessages":[],"meta":{}},{"ancestorTitles":["Activity Timeline — tab configuration"],"fullName":"Activity Timeline — tab configuration timeline is the last tab","status":"passed","title":"timeline is the last tab","duration":0.17849300000000312,"failureMessages":[],"meta":{}},{"ancestorTitles":["Activity Timeline — tab configuration"],"fullName":"Activity Timeline — tab configuration all tab IDs are unique","status":"passed","title":"all tab IDs are unique","duration":0.1610640000000103,"failureMessages":[],"meta":{}},{"ancestorTitles":["Activity Timeline — source configuration"],"fullName":"Activity Timeline — source configuration has exactly 3 source types","status":"passed","title":"has exactly 3 source types","duration":0.3344080000000531,"failureMessages":[],"meta":{}},{"ancestorTitles":["Activity Timeline — source configuration"],"fullName":"Activity Timeline — source configuration all sources have OKLCH colors","status":"passed","title":"all sources have OKLCH colors","duration":0.36948800000004667,"failureMessages":[],"meta":{}},{"ancestorTitles":["Activity Timeline — source configuration"],"fullName":"Activity Timeline — source configuration all sources have labels","status":"passed","title":"all sources have labels","duration":0.35116299999998546,"failureMessages":[],"meta":{}},{"ancestorTitles":["Activity Timeline — source configuration"],"fullName":"Activity Timeline — source configuration alert uses purple (293 hue)","status":"passed","title":"alert uses purple (293 hue)","duration":0.24748500000004015,"failureMessages":[],"meta":{}},{"ancestorTitles":["Activity Timeline — source configuration"],"fullName":"Activity Timeline — source configuration fim uses cyan (211 hue)","status":"passed","title":"fim uses cyan (211 hue)","duration":0.17385200000001078,"failureMessages":[],"meta":{}},{"ancestorTitles":["Activity Timeline — source configuration"],"fullName":"Activity Timeline — source configuration vulnerability uses orange (47 hue)","status":"passed","title":"vulnerability uses orange (47 hue)","duration":0.1406170000000202,"failureMessages":[],"meta":{}},{"ancestorTitles":["Activity Timeline — event transformation"],"fullName":"Activity Timeline — event transformation maps level 15 to critical","status":"passed","title":"maps level 15 to critical","duration":0.27526399999999285,"failureMessages":[],"meta":{}},{"ancestorTitles":["Activity Timeline — event transformation"],"fullName":"Activity Timeline — event transformation maps level 12 to critical","status":"passed","title":"maps level 12 to critical","duration":0.16482000000002017,"failureMessages":[],"meta":{}},{"ancestorTitles":["Activity Timeline — event transformation"],"fullName":"Activity Timeline — event transformation maps level 7 to high","status":"passed","title":"maps level 7 to high","duration":0.1449479999999994,"failureMessages":[],"meta":{}},{"ancestorTitles":["Activity Timeline — event transformation"],"fullName":"Activity Timeline — event transformation maps level 11 to high","status":"passed","title":"maps level 11 to high","duration":0.14379600000000892,"failureMessages":[],"meta":{}},{"ancestorTitles":["Activity Timeline — event transformation"],"fullName":"Activity Timeline — event transformation maps level 4 to medium","status":"passed","title":"maps level 4 to medium","duration":0.15305499999999483,"failureMessages":[],"meta":{}},{"ancestorTitles":["Activity Timeline — event transformation"],"fullName":"Activity Timeline — event transformation maps level 3 to low","status":"passed","title":"maps level 3 to low","duration":0.16290400000002592,"failureMessages":[],"meta":{}},{"ancestorTitles":["Activity Timeline — event transformation"],"fullName":"Activity Timeline — event transformation maps level 0 to low","status":"passed","title":"maps level 0 to low","duration":0.14480499999996255,"failureMessages":[],"meta":{}},{"ancestorTitles":["Activity Timeline — event transformation"],"fullName":"Activity Timeline — event transformation uses rule.description as title","status":"passed","title":"uses rule.description as title","duration":0.14601500000003398,"failureMessages":[],"meta":{}},{"ancestorTitles":["Activity Timeline — event transformation"],"fullName":"Activity Timeline — event transformation falls back to 'Alert' when no description","status":"passed","title":"falls back to 'Alert' when no description","duration":0.1390660000000139,"failureMessages":[],"meta":{}},{"ancestorTitles":["Activity Timeline — event transformation"],"fullName":"Activity Timeline — event transformation handles missing _source gracefully","status":"passed","title":"handles missing _source gracefully","duration":0.17680799999999408,"failureMessages":[],"meta":{}},{"ancestorTitles":["Activity Timeline — event sorting"],"fullName":"Activity Timeline — event sorting sorts events in descending order (newest first)","status":"passed","title":"sorts events in descending order (newest first)","duration":0.31635699999998224,"failureMessages":[],"meta":{}},{"ancestorTitles":["Activity Timeline — event sorting"],"fullName":"Activity Timeline — event sorting handles empty timestamps","status":"passed","title":"handles empty timestamps","duration":0.19983199999995804,"failureMessages":[],"meta":{}},{"ancestorTitles":["Activity Timeline — event sorting"],"fullName":"Activity Timeline — event sorting handles empty array","status":"passed","title":"handles empty array","duration":0.22916200000003073,"failureMessages":[],"meta":{}},{"ancestorTitles":["Activity Timeline — source filtering"],"fullName":"Activity Timeline — source filtering 'all' returns all events","status":"passed","title":"'all' returns all events","duration":0.4426620000000412,"failureMessages":[],"meta":{}},{"ancestorTitles":["Activity Timeline — source filtering"],"fullName":"Activity Timeline — source filtering 'alert' filters to alert events only","status":"passed","title":"'alert' filters to alert events only","duration":3.1659839999999804,"failureMessages":[],"meta":{}},{"ancestorTitles":["Activity Timeline — source filtering"],"fullName":"Activity Timeline — source filtering 'fim' filters to FIM events only","status":"passed","title":"'fim' filters to FIM events only","duration":0.5040960000000041,"failureMessages":[],"meta":{}},{"ancestorTitles":["Activity Timeline — source filtering"],"fullName":"Activity Timeline — source filtering 'vulnerability' filters to vulnerability events only","status":"passed","title":"'vulnerability' filters to vulnerability events only","duration":0.28290199999997867,"failureMessages":[],"meta":{}},{"ancestorTitles":["Agent Comparison — severity colors"],"fullName":"Agent Comparison — severity colors has 4 severity levels","status":"passed","title":"has 4 severity levels","duration":0.2093800000000101,"failureMessages":[],"meta":{}},{"ancestorTitles":["Agent Comparison — severity colors"],"fullName":"Agent Comparison — severity colors all colors use OKLCH format","status":"passed","title":"all colors use OKLCH format","duration":0.24831800000004023,"failureMessages":[],"meta":{}},{"ancestorTitles":["Agent Comparison — severity colors"],"fullName":"Agent Comparison — severity colors Critical has the lowest lightness (darkest/most alarming)","status":"passed","title":"Critical has the lowest lightness (darkest/most alarming)","duration":0.3039269999999874,"failureMessages":[],"meta":{}},{"ancestorTitles":["Agent Comparison — agent colors"],"fullName":"Agent Comparison — agent colors has exactly 3 agent colors (max 3 agents)","status":"passed","title":"has exactly 3 agent colors (max 3 agents)","duration":0.2805970000000002,"failureMessages":[],"meta":{}},{"ancestorTitles":["Agent Comparison — agent colors"],"fullName":"Agent Comparison — agent colors all colors are distinct","status":"passed","title":"all colors are distinct","duration":0.20828800000003866,"failureMessages":[],"meta":{}},{"ancestorTitles":["Agent Comparison — agent colors"],"fullName":"Agent Comparison — agent colors first agent is purple (293 hue)","status":"passed","title":"first agent is purple (293 hue)","duration":0.15166199999998753,"failureMessages":[],"meta":{}},{"ancestorTitles":["Agent Comparison — agent colors"],"fullName":"Agent Comparison — agent colors second agent is cyan (211 hue)","status":"passed","title":"second agent is cyan (211 hue)","duration":0.16206099999999424,"failureMessages":[],"meta":{}},{"ancestorTitles":["Agent Comparison — agent colors"],"fullName":"Agent Comparison — agent colors third agent is orange (47 hue)","status":"passed","title":"third agent is orange (47 hue)","duration":0.1449320000000398,"failureMessages":[],"meta":{}},{"ancestorTitles":["Agent Comparison — alert level classification"],"fullName":"Agent Comparison — alert level classification classifies levels 12-15 as critical","status":"passed","title":"classifies levels 12-15 as critical","duration":0.18864600000000564,"failureMessages":[],"meta":{}},{"ancestorTitles":["Agent Comparison — alert level classification"],"fullName":"Agent Comparison — alert level classification classifies levels 7-11 as high","status":"passed","title":"classifies levels 7-11 as high","duration":0.1472559999999703,"failureMessages":[],"meta":{}},{"ancestorTitles":["Agent Comparison — alert level classification"],"fullName":"Agent Comparison — alert level classification classifies levels 4-6 as medium","status":"passed","title":"classifies levels 4-6 as medium","duration":0.13417499999997062,"failureMessages":[],"meta":{}},{"ancestorTitles":["Agent Comparison — alert level classification"],"fullName":"Agent Comparison — alert level classification classifies levels 0-3 as low","status":"passed","title":"classifies levels 0-3 as low","duration":0.15039100000001326,"failureMessages":[],"meta":{}},{"ancestorTitles":["Agent Comparison — compliance score calculation"],"fullName":"Agent Comparison — compliance score calculation returns 0% for empty policies","status":"passed","title":"returns 0% for empty policies","duration":0.2781590000000165,"failureMessages":[],"meta":{}},{"ancestorTitles":["Agent Comparison — compliance score calculation"],"fullName":"Agent Comparison — compliance score calculation returns 100% for all pass","status":"passed","title":"returns 100% for all pass","duration":0.17289699999997765,"failureMessages":[],"meta":{}},{"ancestorTitles":["Agent Comparison — compliance score calculation"],"fullName":"Agent Comparison — compliance score calculation returns 0% for all fail","status":"passed","title":"returns 0% for all fail","duration":0.34523800000005167,"failureMessages":[],"meta":{}},{"ancestorTitles":["Agent Comparison — compliance score calculation"],"fullName":"Agent Comparison — compliance score calculation calculates correct percentage for mixed results","status":"passed","title":"calculates correct percentage for mixed results","duration":0.2597509999999943,"failureMessages":[],"meta":{}},{"ancestorTitles":["Agent Comparison — compliance score calculation"],"fullName":"Agent Comparison — compliance score calculation aggregates across multiple policies","status":"passed","title":"aggregates across multiple policies","duration":0.31383399999998574,"failureMessages":[],"meta":{}},{"ancestorTitles":["Agent Comparison — compliance score calculation"],"fullName":"Agent Comparison — compliance score calculation handles zero total gracefully","status":"passed","title":"handles zero total gracefully","duration":0.20541500000001633,"failureMessages":[],"meta":{}},{"ancestorTitles":["Agent Comparison — diff indicator logic"],"fullName":"Agent Comparison — diff indicator logic returns equal when values match","status":"passed","title":"returns equal when values match","duration":0.31972500000000537,"failureMessages":[],"meta":{}},{"ancestorTitles":["Agent Comparison — diff indicator logic"],"fullName":"Agent Comparison — diff indicator logic returns up when value > baseline (default)","status":"passed","title":"returns up when value > baseline (default)","duration":0.2011009999999942,"failureMessages":[],"meta":{}},{"ancestorTitles":["Agent Comparison — diff indicator logic"],"fullName":"Agent Comparison — diff indicator logic returns down when value < baseline (default)","status":"passed","title":"returns down when value < baseline (default)","duration":0.19504599999999073,"failureMessages":[],"meta":{}},{"ancestorTitles":["Agent Comparison — diff indicator logic"],"fullName":"Agent Comparison — diff indicator logic returns up when value < baseline (inverse=true, e.g., fewer alerts is better)","status":"passed","title":"returns up when value < baseline (inverse=true, e.g., fewer alerts is better)","duration":0.19039400000002615,"failureMessages":[],"meta":{}},{"ancestorTitles":["Agent Comparison — diff indicator logic"],"fullName":"Agent Comparison — diff indicator logic returns down when value > baseline (inverse=true)","status":"passed","title":"returns down when value > baseline (inverse=true)","duration":0.20043099999998049,"failureMessages":[],"meta":{}},{"ancestorTitles":["Agent Comparison — agent selector constraints"],"fullName":"Agent Comparison — agent selector constraints allows maximum 3 agents","status":"passed","title":"allows maximum 3 agents","duration":0.3032749999999851,"failureMessages":[],"meta":{}},{"ancestorTitles":["Agent Comparison — agent selector constraints"],"fullName":"Agent Comparison — agent selector constraints prevents duplicate agent selection","status":"passed","title":"prevents duplicate agent selection","duration":0.21346499999998514,"failureMessages":[],"meta":{}},{"ancestorTitles":["Agent Comparison — agent selector constraints"],"fullName":"Agent Comparison — agent selector constraints allows adding when under limit","status":"passed","title":"allows adding when under limit","duration":0.23973300000000108,"failureMessages":[],"meta":{}},{"ancestorTitles":["Agent Comparison — radar data structure"],"fullName":"Agent Comparison — radar data structure has exactly 5 radar metrics","status":"passed","title":"has exactly 5 radar metrics","duration":0.49175500000001193,"failureMessages":[],"meta":{}},{"ancestorTitles":["Agent Comparison — radar data structure"],"fullName":"Agent Comparison — radar data structure includes all expected dimensions","status":"passed","title":"includes all expected dimensions","duration":0.985396000000037,"failureMessages":[],"meta":{}},{"ancestorTitles":["Route configuration for new features"],"fullName":"Route configuration for new features fleet-compare route exists","status":"passed","title":"fleet-compare route exists","duration":0.2635860000000321,"failureMessages":[],"meta":{}},{"ancestorTitles":["Route configuration for new features"],"fullName":"Route configuration for new features fleet detail route exists","status":"passed","title":"fleet detail route exists","duration":0.29438100000004397,"failureMessages":[],"meta":{}},{"ancestorTitles":["Route configuration for new features"],"fullName":"Route configuration for new features investigations route exists for pivot","status":"passed","title":"investigations route exists for pivot","duration":0.2934799999999882,"failureMessages":[],"meta":{}}],"startTime":1772840702488,"endTime":1772840702515.2944,"status":"passed","message":"","name":"/home/ubuntu/dang/server/agentDetailEnhancements.test.ts"},{"assertionResults":[{"ancestorTitles":["TriageObject schema contract"],"fullName":"TriageObject schema contract defines all required fields","status":"passed","title":"defines all required fields","duration":3.0708909999999605,"failureMessages":[],"meta":{}},{"ancestorTitles":["TriageObject schema contract"],"fullName":"TriageObject schema contract schemaVersion must be '1.0'","status":"passed","title":"schemaVersion must be '1.0'","duration":0.6336549999999761,"failureMessages":[],"meta":{}},{"ancestorTitles":["TriageObject schema contract"],"fullName":"TriageObject schema contract severity enum has exactly 5 values","status":"passed","title":"severity enum has exactly 5 values","duration":0.48721999999997934,"failureMessages":[],"meta":{}},{"ancestorTitles":["TriageObject schema contract"],"fullName":"TriageObject schema contract severity values are ordered from most to least severe","status":"passed","title":"severity values are ordered from most to least severe","duration":0.34542899999996735,"failureMessages":[],"meta":{}},{"ancestorTitles":["TriageObject schema contract"],"fullName":"TriageObject schema contract route enum has exactly 4 values","status":"passed","title":"route enum has exactly 4 values","duration":0.470862000000011,"failureMessages":[],"meta":{}},{"ancestorTitles":["TriageObject schema contract"],"fullName":"TriageObject schema contract routes are alphabetically prefixed for sorting","status":"passed","title":"routes are alphabetically prefixed for sorting","duration":1.145668999999998,"failureMessages":[],"meta":{}},{"ancestorTitles":["TriageObject schema contract"],"fullName":"TriageObject schema contract entity types cover all Wazuh observable categories","status":"passed","title":"entity types cover all Wazuh observable categories","duration":1.4910840000000007,"failureMessages":[],"meta":{}},{"ancestorTitles":["TriageObject schema contract"],"fullName":"TriageObject schema contract entity types has 12 categories","status":"passed","title":"entity types has 12 categories","duration":0.37709000000006654,"failureMessages":[],"meta":{}},{"ancestorTitles":["CorrelationBundle schema contract"],"fullName":"CorrelationBundle schema contract defines all required fields","status":"passed","title":"defines all required fields","duration":0.542041999999924,"failureMessages":[],"meta":{}},{"ancestorTitles":["CorrelationBundle schema contract"],"fullName":"CorrelationBundle schema contract correlationId follows naming convention","status":"passed","title":"correlationId follows naming convention","duration":0.4633680000000595,"failureMessages":[],"meta":{}},{"ancestorTitles":["CorrelationBundle schema contract"],"fullName":"CorrelationBundle schema contract riskScore is bounded 0-100","status":"passed","title":"riskScore is bounded 0-100","duration":0.3820869999999559,"failureMessages":[],"meta":{}},{"ancestorTitles":["LivingCaseObject schema contract"],"fullName":"LivingCaseObject schema contract case status enum has 6 values","status":"passed","title":"case status enum has 6 values","duration":0.44013299999994615,"failureMessages":[],"meta":{}},{"ancestorTitles":["LivingCaseObject schema contract"],"fullName":"LivingCaseObject schema contract open is the default initial status","status":"passed","title":"open is the default initial status","duration":0.2280190000000175,"failureMessages":[],"meta":{}},{"ancestorTitles":["LivingCaseObject schema contract"],"fullName":"LivingCaseObject schema contract verdict enum has 4 values","status":"passed","title":"verdict enum has 4 values","duration":0.33940499999994245,"failureMessages":[],"meta":{}},{"ancestorTitles":["Triage severity validation"],"fullName":"Triage severity validation accepts valid severities","status":"passed","title":"accepts valid severities","duration":0.5235519999999951,"failureMessages":[],"meta":{}},{"ancestorTitles":["Triage severity validation"],"fullName":"Triage severity validation defaults to 'info' for invalid input","status":"passed","title":"defaults to 'info' for invalid input","duration":0.4180790000000343,"failureMessages":[],"meta":{}},{"ancestorTitles":["Triage route validation"],"fullName":"Triage route validation accepts valid routes","status":"passed","title":"accepts valid routes","duration":0.39540499999998246,"failureMessages":[],"meta":{}},{"ancestorTitles":["Triage route validation"],"fullName":"Triage route validation defaults to B_LOW_CONFIDENCE for invalid input","status":"passed","title":"defaults to B_LOW_CONFIDENCE for invalid input","duration":0.3488790000000108,"failureMessages":[],"meta":{}},{"ancestorTitles":["Confidence clamping"],"fullName":"Confidence clamping clamps values to 0-1 range","status":"passed","title":"clamps values to 0-1 range","duration":0.49687600000004295,"failureMessages":[],"meta":{}},{"ancestorTitles":["Confidence clamping"],"fullName":"Confidence clamping returns 0 for non-numeric input","status":"passed","title":"returns 0 for non-numeric input","duration":0.3905720000000201,"failureMessages":[],"meta":{}},{"ancestorTitles":["Confidence clamping"],"fullName":"Confidence clamping handles string numbers","status":"passed","title":"handles string numbers","duration":0.3576979999999139,"failureMessages":[],"meta":{}},{"ancestorTitles":["Alert field extraction"],"fullName":"Alert field extraction extracts alert ID","status":"passed","title":"extracts alert ID","duration":0.264746999999943,"failureMessages":[],"meta":{}},{"ancestorTitles":["Alert field extraction"],"fullName":"Alert field extraction extracts rule ID","status":"passed","title":"extracts rule ID","duration":0.2692610000000286,"failureMessages":[],"meta":{}},{"ancestorTitles":["Alert field extraction"],"fullName":"Alert field extraction extracts rule description","status":"passed","title":"extracts rule description","duration":0.22888699999998607,"failureMessages":[],"meta":{}},{"ancestorTitles":["Alert field extraction"],"fullName":"Alert field extraction extracts rule level","status":"passed","title":"extracts rule level","duration":0.23816599999997834,"failureMessages":[],"meta":{}},{"ancestorTitles":["Alert field extraction"],"fullName":"Alert field extraction extracts timestamp","status":"passed","title":"extracts timestamp","duration":0.31921199999999317,"failureMessages":[],"meta":{}},{"ancestorTitles":["Alert field extraction"],"fullName":"Alert field extraction extracts agent info","status":"passed","title":"extracts agent info","duration":0.32475299999998697,"failureMessages":[],"meta":{}},{"ancestorTitles":["Alert field extraction"],"fullName":"Alert field extraction extracts agent OS","status":"passed","title":"extracts agent OS","duration":1.8060110000000122,"failureMessages":[],"meta":{}},{"ancestorTitles":["Alert field extraction"],"fullName":"Alert field extraction extracts agent groups","status":"passed","title":"extracts agent groups","duration":0.3239490000000842,"failureMessages":[],"meta":{}},{"ancestorTitles":["Alert field extraction"],"fullName":"Alert field extraction extracts source IP from data","status":"passed","title":"extracts source IP from data","duration":0.13894900000002508,"failureMessages":[],"meta":{}},{"ancestorTitles":["Alert field extraction"],"fullName":"Alert field extraction extracts destination user from data","status":"passed","title":"extracts destination user from data","duration":0.11706900000001497,"failureMessages":[],"meta":{}},{"ancestorTitles":["Alert field extraction"],"fullName":"Alert field extraction extracts FIM file path","status":"passed","title":"extracts FIM file path","duration":0.1966340000000173,"failureMessages":[],"meta":{}},{"ancestorTitles":["Alert field extraction"],"fullName":"Alert field extraction extracts FIM hashes","status":"passed","title":"extracts FIM hashes","duration":0.1803620000000592,"failureMessages":[],"meta":{}},{"ancestorTitles":["Alert field extraction"],"fullName":"Alert field extraction extracts MITRE ATT&CK mapping from rule","status":"passed","title":"extracts MITRE ATT&CK mapping from rule","duration":0.3769290000000183,"failureMessages":[],"meta":{}},{"ancestorTitles":["Wazuh entity extraction"],"fullName":"Wazuh entity extraction extracts all entities from a full alert","status":"passed","title":"extracts all entities from a full alert","duration":0.36314600000002883,"failureMessages":[],"meta":{}},{"ancestorTitles":["Wazuh entity extraction"],"fullName":"Wazuh entity extraction all entities have confidence 1.0 (Wazuh-native)","status":"passed","title":"all entities have confidence 1.0 (Wazuh-native)","duration":0.296854000000053,"failureMessages":[],"meta":{}},{"ancestorTitles":["Wazuh entity extraction"],"fullName":"Wazuh entity extraction all entities have source 'wazuh_alert'","status":"passed","title":"all entities have source 'wazuh_alert'","duration":0.27183100000002014,"failureMessages":[],"meta":{}},{"ancestorTitles":["Wazuh entity extraction"],"fullName":"Wazuh entity extraction handles missing fields gracefully","status":"passed","title":"handles missing fields gracefully","duration":0.30913700000007793,"failureMessages":[],"meta":{}},{"ancestorTitles":["Wazuh entity extraction"],"fullName":"Wazuh entity extraction handles partial alert","status":"passed","title":"handles partial alert","duration":0.33280600000000504,"failureMessages":[],"meta":{}},{"ancestorTitles":["MITRE ATT&CK extraction from Wazuh alerts"],"fullName":"MITRE ATT&CK extraction from Wazuh alerts extracts MITRE mappings from rule.mitre","status":"passed","title":"extracts MITRE mappings from rule.mitre","duration":0.3758989999998903,"failureMessages":[],"meta":{}},{"ancestorTitles":["MITRE ATT&CK extraction from Wazuh alerts"],"fullName":"MITRE ATT&CK extraction from Wazuh alerts returns empty array when no MITRE data","status":"passed","title":"returns empty array when no MITRE data","duration":0.38991299999997864,"failureMessages":[],"meta":{}},{"ancestorTitles":["MITRE ATT&CK extraction from Wazuh alerts"],"fullName":"MITRE ATT&CK extraction from Wazuh alerts handles mismatched array lengths","status":"passed","title":"handles mismatched array lengths","duration":0.30152400000008583,"failureMessages":[],"meta":{}},{"ancestorTitles":["Pipeline router input schemas","triageAlert input"],"fullName":"Pipeline router input schemas triageAlert input requires rawAlert as a record","status":"passed","title":"requires rawAlert as a record","duration":0.34420399999999063,"failureMessages":[],"meta":{}},{"ancestorTitles":["Pipeline router input schemas","triageAlert input"],"fullName":"Pipeline router input schemas triageAlert input alertQueueItemId is optional","status":"passed","title":"alertQueueItemId is optional","duration":0.36584000000004835,"failureMessages":[],"meta":{}},{"ancestorTitles":["Pipeline router input schemas","listTriages input"],"fullName":"Pipeline router input schemas listTriages input has sensible defaults","status":"passed","title":"has sensible defaults","duration":0.25852499999996326,"failureMessages":[],"meta":{}},{"ancestorTitles":["Pipeline router input schemas","listTriages input"],"fullName":"Pipeline router input schemas listTriages input limit is bounded 1-200","status":"passed","title":"limit is bounded 1-200","duration":0.3622020000000248,"failureMessages":[],"meta":{}},{"ancestorTitles":["Pipeline router input schemas","listTriages input"],"fullName":"Pipeline router input schemas listTriages input accepts severity filter","status":"passed","title":"accepts severity filter","duration":0.5775939999999764,"failureMessages":[],"meta":{}},{"ancestorTitles":["Pipeline router input schemas","listTriages input"],"fullName":"Pipeline router input schemas listTriages input accepts route filter","status":"passed","title":"accepts route filter","duration":0.5113569999999754,"failureMessages":[],"meta":{}},{"ancestorTitles":["Pipeline router input schemas","listTriages input"],"fullName":"Pipeline router input schemas listTriages input accepts status filter","status":"passed","title":"accepts status filter","duration":0.5049210000000812,"failureMessages":[],"meta":{}},{"ancestorTitles":["Triage result card rendering logic"],"fullName":"Triage result card rendering logic maps all severity levels to colors","status":"passed","title":"maps all severity levels to colors","duration":0.8184059999999818,"failureMessages":[],"meta":{}},{"ancestorTitles":["Triage result card rendering logic"],"fullName":"Triage result card rendering logic maps all routes to labels","status":"passed","title":"maps all routes to labels","duration":0.6648700000000645,"failureMessages":[],"meta":{}},{"ancestorTitles":["Triage result card rendering logic"],"fullName":"Triage result card rendering logic has icon mappings for all entity types","status":"passed","title":"has icon mappings for all entity types","duration":0.28405899999995654,"failureMessages":[],"meta":{}},{"ancestorTitles":["Triage ID generation"],"fullName":"Triage ID generation follows triage-{uuid} pattern","status":"passed","title":"follows triage-{uuid} pattern","duration":3.302371999999991,"failureMessages":[],"meta":{}},{"ancestorTitles":["Triage ID generation"],"fullName":"Triage ID generation generates unique IDs","status":"passed","title":"generates unique IDs","duration":0.8417279999999892,"failureMessages":[],"meta":{}},{"ancestorTitles":["Pipeline stage contracts"],"fullName":"Pipeline stage contracts Stage 1 (Triage) outputs a TriageObject","status":"passed","title":"Stage 1 (Triage) outputs a TriageObject","duration":0.3430440000000772,"failureMessages":[],"meta":{}},{"ancestorTitles":["Pipeline stage contracts"],"fullName":"Pipeline stage contracts Stage 2 (Correlation) consumes a triageId and outputs a CorrelationBundle","status":"passed","title":"Stage 2 (Correlation) consumes a triageId and outputs a CorrelationBundle","duration":0.319580999999971,"failureMessages":[],"meta":{}},{"ancestorTitles":["Pipeline stage contracts"],"fullName":"Pipeline stage contracts Stage 3 (Hypothesis) consumes a CorrelationBundle and updates a LivingCaseObject","status":"passed","title":"Stage 3 (Hypothesis) consumes a CorrelationBundle and updates a LivingCaseObject","duration":0.29430600000000595,"failureMessages":[],"meta":{}},{"ancestorTitles":["Pipeline stage contracts"],"fullName":"Pipeline stage contracts pipeline stages are ordered: triage → correlation → hypothesis → case","status":"passed","title":"pipeline stages are ordered: triage → correlation → hypothesis → case","duration":0.39767300000005434,"failureMessages":[],"meta":{}},{"ancestorTitles":["Triage objects table schema"],"fullName":"Triage objects table schema has all required columns","status":"passed","title":"has all required columns","duration":0.5725509999999758,"failureMessages":[],"meta":{}},{"ancestorTitles":["Triage objects table schema"],"fullName":"Triage objects table schema triageId is the lookup key","status":"passed","title":"triageId is the lookup key","duration":0.2751979999999321,"failureMessages":[],"meta":{}},{"ancestorTitles":["Triage objects table schema"],"fullName":"Triage objects table schema stores full triage object as JSON in triageData","status":"passed","title":"stores full triage object as JSON in triageData","duration":0.24568200000010165,"failureMessages":[],"meta":{}},{"ancestorTitles":["Triage objects table schema"],"fullName":"Triage objects table schema tracks processing status","status":"passed","title":"tracks processing status","duration":0.3161479999999983,"failureMessages":[],"meta":{}},{"ancestorTitles":["Triage objects table schema"],"fullName":"Triage objects table schema tracks latency and token usage for monitoring","status":"passed","title":"tracks latency and token usage for monitoring","duration":0.3186599999999089,"failureMessages":[],"meta":{}},{"ancestorTitles":["Correlation bundles table schema"],"fullName":"Correlation bundles table schema has all required columns","status":"passed","title":"has all required columns","duration":0.4489129999999477,"failureMessages":[],"meta":{}},{"ancestorTitles":["Correlation bundles table schema"],"fullName":"Correlation bundles table schema links back to the source triage","status":"passed","title":"links back to the source triage","duration":0.2503590000000031,"failureMessages":[],"meta":{}},{"ancestorTitles":["Fresh context per stage architecture"],"fullName":"Fresh context per stage architecture each stage gets its own system prompt","status":"passed","title":"each stage gets its own system prompt","duration":0.508803999999941,"failureMessages":[],"meta":{}},{"ancestorTitles":["Fresh context per stage architecture"],"fullName":"Fresh context per stage architecture handoff between stages is via structured JSON, not conversation context","status":"passed","title":"handoff between stages is via structured JSON, not conversation context","duration":0.2576409999999214,"failureMessages":[],"meta":{}},{"ancestorTitles":["Fresh context per stage architecture"],"fullName":"Fresh context per stage architecture context budget is allocated per stage, not shared","status":"passed","title":"context budget is allocated per stage, not shared","duration":0.34989599999994425,"failureMessages":[],"meta":{}},{"ancestorTitles":["CorrelationBundle full schema contract"],"fullName":"CorrelationBundle full schema contract defines all 14 required sections","status":"passed","title":"defines all 14 required sections","duration":0.296760000000063,"failureMessages":[],"meta":{}},{"ancestorTitles":["CorrelationBundle full schema contract"],"fullName":"CorrelationBundle full schema contract blastRadius contains host/user counts and agent IDs","status":"passed","title":"blastRadius contains host/user counts and agent IDs","duration":0.6479429999999411,"failureMessages":[],"meta":{}},{"ancestorTitles":["CorrelationBundle full schema contract"],"fullName":"CorrelationBundle full schema contract campaignAssessment flags coordinated attacks","status":"passed","title":"campaignAssessment flags coordinated attacks","duration":0.7877459999999701,"failureMessages":[],"meta":{}},{"ancestorTitles":["CorrelationBundle full schema contract"],"fullName":"CorrelationBundle full schema contract caseRecommendation has valid action types","status":"passed","title":"caseRecommendation has valid action types","duration":0.8723489999999856,"failureMessages":[],"meta":{}},{"ancestorTitles":["CorrelationBundle full schema contract"],"fullName":"CorrelationBundle full schema contract synthesis separates supporting and conflicting evidence","status":"passed","title":"synthesis separates supporting and conflicting evidence","duration":0.6403850000000375,"failureMessages":[],"meta":{}},{"ancestorTitles":["Analyst feedback input validation"],"fullName":"Analyst feedback input validation accepts confirm action with triageId only","status":"passed","title":"accepts confirm action with triageId only","duration":0.49382200000002285,"failureMessages":[],"meta":{}},{"ancestorTitles":["Analyst feedback input validation"],"fullName":"Analyst feedback input validation accepts override with severity change","status":"passed","title":"accepts override with severity change","duration":0.5165020000000595,"failureMessages":[],"meta":{}},{"ancestorTitles":["Analyst feedback input validation"],"fullName":"Analyst feedback input validation accepts override with route change","status":"passed","title":"accepts override with route change","duration":0.40659199999993234,"failureMessages":[],"meta":{}},{"ancestorTitles":["Analyst feedback input validation"],"fullName":"Analyst feedback input validation rejects notes longer than 4000 characters","status":"passed","title":"rejects notes longer than 4000 characters","duration":0.3385920000000624,"failureMessages":[],"meta":{}},{"ancestorTitles":["Analyst feedback input validation"],"fullName":"Analyst feedback input validation feedback includes analyst user ID and timestamp","status":"passed","title":"feedback includes analyst user ID and timestamp","duration":1.0898610000000417,"failureMessages":[],"meta":{}},{"ancestorTitles":["Auto-triage queue integration"],"fullName":"Auto-triage queue integration queue item has pipelineTriageId and autoTriageStatus fields","status":"passed","title":"queue item has pipelineTriageId and autoTriageStatus fields","duration":0.4326260000000275,"failureMessages":[],"meta":{}},{"ancestorTitles":["Auto-triage queue integration"],"fullName":"Auto-triage queue integration autoTriageStatus transitions: pending → running → completed","status":"passed","title":"autoTriageStatus transitions: pending → running → completed","duration":0.6191149999999652,"failureMessages":[],"meta":{}},{"ancestorTitles":["Auto-triage queue integration"],"fullName":"Auto-triage queue integration completed auto-triage links to triage object via pipelineTriageId","status":"passed","title":"completed auto-triage links to triage object via pipelineTriageId","duration":0.3737490000000889,"failureMessages":[],"meta":{}},{"ancestorTitles":["Auto-triage queue integration"],"fullName":"Auto-triage queue integration failed auto-triage preserves null pipelineTriageId","status":"passed","title":"failed auto-triage preserves null pipelineTriageId","duration":0.38455400000009377,"failureMessages":[],"meta":{}},{"ancestorTitles":["Auto-triage queue integration"],"fullName":"Auto-triage queue integration already-triaged items return early without re-running","status":"passed","title":"already-triaged items return early without re-running","duration":0.3321610000000419,"failureMessages":[],"meta":{}},{"ancestorTitles":["Correlation agent evidence retrieval"],"fullName":"Correlation agent evidence retrieval retrieves from 6 evidence sources","status":"passed","title":"retrieves from 6 evidence sources","duration":0.3791129999999612,"failureMessages":[],"meta":{}},{"ancestorTitles":["Correlation agent evidence retrieval"],"fullName":"Correlation agent evidence retrieval includes Wazuh alerts for entity correlation","status":"passed","title":"includes Wazuh alerts for entity correlation","duration":0.4005420000000868,"failureMessages":[],"meta":{}},{"ancestorTitles":["Correlation agent evidence retrieval"],"fullName":"Correlation agent evidence retrieval includes vulnerability context for affected hosts","status":"passed","title":"includes vulnerability context for affected hosts","duration":0.3802140000000236,"failureMessages":[],"meta":{}},{"ancestorTitles":["Correlation agent evidence retrieval"],"fullName":"Correlation agent evidence retrieval includes FIM for file change context","status":"passed","title":"includes FIM for file change context","duration":0.3574270000000297,"failureMessages":[],"meta":{}},{"ancestorTitles":["Correlation agent evidence retrieval"],"fullName":"Correlation agent evidence retrieval includes threat intelligence for IOC matching","status":"passed","title":"includes threat intelligence for IOC matching","duration":0.30287399999997433,"failureMessages":[],"meta":{}},{"ancestorTitles":["Correlation agent evidence retrieval"],"fullName":"Correlation agent evidence retrieval includes prior investigations for case merging","status":"passed","title":"includes prior investigations for case merging","duration":0.2378879999999981,"failureMessages":[],"meta":{}},{"ancestorTitles":["Correlation ID generation"],"fullName":"Correlation ID generation follows corr-{uuid} pattern","status":"passed","title":"follows corr-{uuid} pattern","duration":0.3179379999999128,"failureMessages":[],"meta":{}},{"ancestorTitles":["Correlation ID generation"],"fullName":"Correlation ID generation generates unique IDs","status":"passed","title":"generates unique IDs","duration":0.6682630000000245,"failureMessages":[],"meta":{}},{"ancestorTitles":["Pipeline router Step 2 endpoints"],"fullName":"Pipeline router Step 2 endpoints correlateFromTriage requires triageId input","status":"passed","title":"correlateFromTriage requires triageId input","duration":0.26923999999996795,"failureMessages":[],"meta":{}},{"ancestorTitles":["Pipeline router Step 2 endpoints"],"fullName":"Pipeline router Step 2 endpoints getCorrelationByTriageId returns found/not-found","status":"passed","title":"getCorrelationByTriageId returns found/not-found","duration":0.25434600000005503,"failureMessages":[],"meta":{}},{"ancestorTitles":["Pipeline router Step 2 endpoints"],"fullName":"Pipeline router Step 2 endpoints submitFeedback returns success with feedback details","status":"passed","title":"submitFeedback returns success with feedback details","duration":0.29155600000001414,"failureMessages":[],"meta":{}},{"ancestorTitles":["Pipeline router Step 2 endpoints"],"fullName":"Pipeline router Step 2 endpoints autoTriageQueueItem returns triageId on success","status":"passed","title":"autoTriageQueueItem returns triageId on success","duration":0.253641000000016,"failureMessages":[],"meta":{}},{"ancestorTitles":["Pipeline router Step 2 endpoints"],"fullName":"Pipeline router Step 2 endpoints feedbackStats returns aggregated counts","status":"passed","title":"feedbackStats returns aggregated counts","duration":0.20487200000002304,"failureMessages":[],"meta":{}},{"ancestorTitles":["Triage to Correlation handoff"],"fullName":"Triage to Correlation handoff correlation receives triageId, not raw alert","status":"passed","title":"correlation receives triageId, not raw alert","duration":0.29697299999997995,"failureMessages":[],"meta":{}},{"ancestorTitles":["Triage to Correlation handoff"],"fullName":"Triage to Correlation handoff correlation extracts entities from triage for evidence retrieval","status":"passed","title":"correlation extracts entities from triage for evidence retrieval","duration":0.43730600000003506,"failureMessages":[],"meta":{}},{"ancestorTitles":["Triage to Correlation handoff"],"fullName":"Triage to Correlation handoff correlation preserves source triage ID for provenance","status":"passed","title":"correlation preserves source triage ID for provenance","duration":0.32870200000002114,"failureMessages":[],"meta":{}},{"ancestorTitles":["LivingCaseObject schema contract"],"fullName":"LivingCaseObject schema contract defines all required fields for LivingCaseObject","status":"passed","title":"defines all required fields for LivingCaseObject","duration":0.3271869999999808,"failureMessages":[],"meta":{}},{"ancestorTitles":["LivingCaseObject schema contract"],"fullName":"LivingCaseObject schema contract schemaVersion must be '1.0'","status":"passed","title":"schemaVersion must be '1.0'","duration":0.21324200000003657,"failureMessages":[],"meta":{}},{"ancestorTitles":["LivingCaseObject schema contract"],"fullName":"LivingCaseObject schema contract working theory has required structure","status":"passed","title":"working theory has required structure","duration":0.3867360000000417,"failureMessages":[],"meta":{}},{"ancestorTitles":["LivingCaseObject schema contract"],"fullName":"LivingCaseObject schema contract alternate theories have required structure","status":"passed","title":"alternate theories have required structure","duration":0.38426000000004024,"failureMessages":[],"meta":{}},{"ancestorTitles":["Hypothesis Agent — working theory generation"],"fullName":"Hypothesis Agent — working theory generation produces a working theory from correlation bundle data","status":"passed","title":"produces a working theory from correlation bundle data","duration":0.3951289999999972,"failureMessages":[],"meta":{}},{"ancestorTitles":["Hypothesis Agent — working theory generation"],"fullName":"Hypothesis Agent — working theory generation confidence is bounded [0, 1]","status":"passed","title":"confidence is bounded [0, 1]","duration":0.6742110000000139,"failureMessages":[],"meta":{}},{"ancestorTitles":["Hypothesis Agent — working theory generation"],"fullName":"Hypothesis Agent — working theory generation generates alternate theories with whyLessLikely reasoning","status":"passed","title":"generates alternate theories with whyLessLikely reasoning","duration":0.5130289999999604,"failureMessages":[],"meta":{}},{"ancestorTitles":["Hypothesis Agent — investigative pivots"],"fullName":"Hypothesis Agent — investigative pivots priority enum has exactly 4 values","status":"passed","title":"priority enum has exactly 4 values","duration":0.29635099999995873,"failureMessages":[],"meta":{}},{"ancestorTitles":["Hypothesis Agent — investigative pivots"],"fullName":"Hypothesis Agent — investigative pivots effort enum has exactly 3 values","status":"passed","title":"effort enum has exactly 3 values","duration":0.26697300000000723,"failureMessages":[],"meta":{}},{"ancestorTitles":["Hypothesis Agent — investigative pivots"],"fullName":"Hypothesis Agent — investigative pivots pivot has required structure","status":"passed","title":"pivot has required structure","duration":0.43528600000001916,"failureMessages":[],"meta":{}},{"ancestorTitles":["Hypothesis Agent — investigative pivots"],"fullName":"Hypothesis Agent — investigative pivots pivots are ordered by priority","status":"passed","title":"pivots are ordered by priority","duration":0.3154379999999719,"failureMessages":[],"meta":{}},{"ancestorTitles":["Hypothesis Agent — evidence gaps"],"fullName":"Hypothesis Agent — evidence gaps evidence gap has required structure","status":"passed","title":"evidence gap has required structure","duration":0.35344900000006874,"failureMessages":[],"meta":{}},{"ancestorTitles":["Hypothesis Agent — evidence gaps"],"fullName":"Hypothesis Agent — evidence gaps gaps are derived from correlation missing evidence","status":"passed","title":"gaps are derived from correlation missing evidence","duration":0.3220939999999928,"failureMessages":[],"meta":{}},{"ancestorTitles":["Hypothesis Agent — timeline reconstruction"],"fullName":"Hypothesis Agent — timeline reconstruction timeline event has required structure","status":"passed","title":"timeline event has required structure","duration":0.4256039999999075,"failureMessages":[],"meta":{}},{"ancestorTitles":["Hypothesis Agent — timeline reconstruction"],"fullName":"Hypothesis Agent — timeline reconstruction timeline events are chronologically ordered","status":"passed","title":"timeline events are chronologically ordered","duration":0.3455910000000131,"failureMessages":[],"meta":{}},{"ancestorTitles":["Hypothesis Agent — timeline reconstruction"],"fullName":"Hypothesis Agent — timeline reconstruction source enum covers all expected data sources","status":"passed","title":"source enum covers all expected data sources","duration":0.5010039999999663,"failureMessages":[],"meta":{}},{"ancestorTitles":["Hypothesis Agent — recommended actions"],"fullName":"Hypothesis Agent — recommended actions action categories are correct","status":"passed","title":"action categories are correct","duration":0.2629410000000689,"failureMessages":[],"meta":{}},{"ancestorTitles":["Hypothesis Agent — recommended actions"],"fullName":"Hypothesis Agent — recommended actions action states are correct","status":"passed","title":"action states are correct","duration":0.19704200000001038,"failureMessages":[],"meta":{}},{"ancestorTitles":["Hypothesis Agent — recommended actions"],"fullName":"Hypothesis Agent — recommended actions action has required structure","status":"passed","title":"action has required structure","duration":0.2913300000000163,"failureMessages":[],"meta":{}},{"ancestorTitles":["Hypothesis Agent — recommended actions"],"fullName":"Hypothesis Agent — recommended actions state transitions are valid","status":"passed","title":"state transitions are valid","duration":0.35572899999999663,"failureMessages":[],"meta":{}},{"ancestorTitles":["Hypothesis Agent — completed pivots"],"fullName":"Hypothesis Agent — completed pivots completed pivot has required structure","status":"passed","title":"completed pivot has required structure","duration":0.2389020000000528,"failureMessages":[],"meta":{}},{"ancestorTitles":["Hypothesis Agent — completed pivots"],"fullName":"Hypothesis Agent — completed pivots pivot recording preserves analyst input","status":"passed","title":"pivot recording preserves analyst input","duration":0.31269400000007863,"failureMessages":[],"meta":{}},{"ancestorTitles":["Hypothesis Agent — draft documentation"],"fullName":"Hypothesis Agent — draft documentation generates shift handoff summary","status":"passed","title":"generates shift handoff summary","duration":0.25128399999994144,"failureMessages":[],"meta":{}},{"ancestorTitles":["Hypothesis Agent — linked artifact tracking"],"fullName":"Hypothesis Agent — linked artifact tracking tracks linked triage IDs","status":"passed","title":"tracks linked triage IDs","duration":0.27237300000001596,"failureMessages":[],"meta":{}},{"ancestorTitles":["Hypothesis Agent — linked artifact tracking"],"fullName":"Hypothesis Agent — linked artifact tracking tracks linked correlation IDs","status":"passed","title":"tracks linked correlation IDs","duration":0.24681900000007317,"failureMessages":[],"meta":{}},{"ancestorTitles":["Hypothesis Agent — linked artifact tracking"],"fullName":"Hypothesis Agent — linked artifact tracking tracks linked alert IDs from correlation bundle","status":"passed","title":"tracks linked alert IDs from correlation bundle","duration":0.12573599999996077,"failureMessages":[],"meta":{}},{"ancestorTitles":["Hypothesis Agent — pipeline router contracts"],"fullName":"Hypothesis Agent — pipeline router contracts generateHypothesis input requires correlationId","status":"passed","title":"generateHypothesis input requires correlationId","duration":0.1397230000000036,"failureMessages":[],"meta":{}},{"ancestorTitles":["Hypothesis Agent — pipeline router contracts"],"fullName":"Hypothesis Agent — pipeline router contracts generateHypothesis output includes success, caseId, sessionId","status":"passed","title":"generateHypothesis output includes success, caseId, sessionId","duration":0.1573319999999967,"failureMessages":[],"meta":{}},{"ancestorTitles":["Hypothesis Agent — pipeline router contracts"],"fullName":"Hypothesis Agent — pipeline router contracts getLivingCaseById returns found flag and case data","status":"passed","title":"getLivingCaseById returns found flag and case data","duration":0.2239030000000639,"failureMessages":[],"meta":{}},{"ancestorTitles":["Hypothesis Agent — pipeline router contracts"],"fullName":"Hypothesis Agent — pipeline router contracts listLivingCases returns paginated results","status":"passed","title":"listLivingCases returns paginated results","duration":0.20914300000004005,"failureMessages":[],"meta":{}},{"ancestorTitles":["Hypothesis Agent — pipeline router contracts"],"fullName":"Hypothesis Agent — pipeline router contracts Direction 1: uses responseActions.approve/reject/defer/execute (not updateActionState)","status":"passed","title":"Direction 1: uses responseActions.approve/reject/defer/execute (not updateActionState)","duration":0.409862999999973,"failureMessages":[],"meta":{}},{"ancestorTitles":["Hypothesis Agent — pipeline router contracts"],"fullName":"Hypothesis Agent — pipeline router contracts recordPivot input requires caseId, action, finding","status":"passed","title":"recordPivot input requires caseId, action, finding","duration":0.2397919999999658,"failureMessages":[],"meta":{}},{"ancestorTitles":["Hypothesis Agent — LLM prompt construction"],"fullName":"Hypothesis Agent — LLM prompt construction system prompt includes role and output format","status":"passed","title":"system prompt includes role and output format","duration":0.27625000000000455,"failureMessages":[],"meta":{}},{"ancestorTitles":["Hypothesis Agent — LLM prompt construction"],"fullName":"Hypothesis Agent — LLM prompt construction user prompt includes correlation bundle data","status":"passed","title":"user prompt includes correlation bundle data","duration":0.28350299999999606,"failureMessages":[],"meta":{}},{"ancestorTitles":["Hypothesis Agent — LLM prompt construction"],"fullName":"Hypothesis Agent — LLM prompt construction LLM response is parsed as structured JSON","status":"passed","title":"LLM response is parsed as structured JSON","duration":0.22046100000000024,"failureMessages":[],"meta":{}},{"ancestorTitles":["Hypothesis Agent — living case state persistence"],"fullName":"Hypothesis Agent — living case state persistence living_case_state table has required columns","status":"passed","title":"living_case_state table has required columns","duration":0.16297900000006393,"failureMessages":[],"meta":{}},{"ancestorTitles":["Hypothesis Agent — living case state persistence"],"fullName":"Hypothesis Agent — living case state persistence caseData column stores full LivingCaseObject as JSON","status":"passed","title":"caseData column stores full LivingCaseObject as JSON","duration":0.19739500000002863,"failureMessages":[],"meta":{}},{"ancestorTitles":["Hypothesis Agent — living case state persistence"],"fullName":"Hypothesis Agent — living case state persistence denormalized fields are extracted from caseData for querying","status":"passed","title":"denormalized fields are extracted from caseData for querying","duration":0.30209100000001854,"failureMessages":[],"meta":{}},{"ancestorTitles":["Hypothesis Agent — action state management"],"fullName":"Hypothesis Agent — action state management updates action state in caseData","status":"passed","title":"updates action state in caseData","duration":0.15203599999995276,"failureMessages":[],"meta":{}},{"ancestorTitles":["Hypothesis Agent — action state management"],"fullName":"Hypothesis Agent — action state management recalculates denormalized counts after state change","status":"passed","title":"recalculates denormalized counts after state change","duration":0.178880999999933,"failureMessages":[],"meta":{}},{"ancestorTitles":["Hypothesis Agent — pivot recording"],"fullName":"Hypothesis Agent — pivot recording appends pivot to completedPivots array","status":"passed","title":"appends pivot to completedPivots array","duration":0.24614199999996345,"failureMessages":[],"meta":{}},{"ancestorTitles":["Hypothesis Agent — pivot recording"],"fullName":"Hypothesis Agent — pivot recording recalculates completedPivotCount after recording","status":"passed","title":"recalculates completedPivotCount after recording","duration":0.14195199999994657,"failureMessages":[],"meta":{}},{"ancestorTitles":["Hypothesis Agent — end-to-end pipeline flow"],"fullName":"Hypothesis Agent — end-to-end pipeline flow Step 3 consumes Step 2 output (CorrelationBundle)","status":"passed","title":"Step 3 consumes Step 2 output (CorrelationBundle)","duration":0.161363999999935,"failureMessages":[],"meta":{}},{"ancestorTitles":["Hypothesis Agent — end-to-end pipeline flow"],"fullName":"Hypothesis Agent — end-to-end pipeline flow Step 3 produces LivingCaseObject with all required sections","status":"passed","title":"Step 3 produces LivingCaseObject with all required sections","duration":0.44321400000001177,"failureMessages":[],"meta":{}},{"ancestorTitles":["Hypothesis Agent — end-to-end pipeline flow"],"fullName":"Hypothesis Agent — end-to-end pipeline flow pipeline chain: TriageObject → CorrelationBundle → LivingCaseObject","status":"passed","title":"pipeline chain: TriageObject → CorrelationBundle → LivingCaseObject","duration":0.25922499999990123,"failureMessages":[],"meta":{}}],"startTime":1772840700864,"endTime":1772840700933.2593,"status":"passed","message":"","name":"/home/ubuntu/dang/server/agenticPipeline.test.ts"},{"assertionResults":[{"ancestorTitles":["Task 2: Agent Pivot Links","AlertsTimeline.tsx"],"fullName":"Task 2: Agent Pivot Links AlertsTimeline.tsx imports useLocation from wouter","status":"passed","title":"imports useLocation from wouter","duration":1.5029909999999802,"failureMessages":[],"meta":{}},{"ancestorTitles":["Task 2: Agent Pivot Links","AlertsTimeline.tsx"],"fullName":"Task 2: Agent Pivot Links AlertsTimeline.tsx has navigate function from useLocation","status":"passed","title":"has navigate function from useLocation","duration":0.34544700000000716,"failureMessages":[],"meta":{}},{"ancestorTitles":["Task 2: Agent Pivot Links","AlertsTimeline.tsx"],"fullName":"Task 2: Agent Pivot Links AlertsTimeline.tsx navigates to /fleet/:agentId on agent click in table","status":"passed","title":"navigates to /fleet/:agentId on agent click in table","duration":0.2702730000000031,"failureMessages":[],"meta":{}},{"ancestorTitles":["Task 2: Agent Pivot Links","AlertsTimeline.tsx"],"fullName":"Task 2: Agent Pivot Links AlertsTimeline.tsx has cursor-pointer styling on agent cells","status":"passed","title":"has cursor-pointer styling on agent cells","duration":0.31902100000002065,"failureMessages":[],"meta":{}},{"ancestorTitles":["Task 2: Agent Pivot Links","Vulnerabilities.tsx"],"fullName":"Task 2: Agent Pivot Links Vulnerabilities.tsx imports useLocation from wouter","status":"passed","title":"imports useLocation from wouter","duration":0.295408000000009,"failureMessages":[],"meta":{}},{"ancestorTitles":["Task 2: Agent Pivot Links","Vulnerabilities.tsx"],"fullName":"Task 2: Agent Pivot Links Vulnerabilities.tsx has navigate function from useLocation","status":"passed","title":"has navigate function from useLocation","duration":0.2640839999999969,"failureMessages":[],"meta":{}},{"ancestorTitles":["Task 2: Agent Pivot Links","Vulnerabilities.tsx"],"fullName":"Task 2: Agent Pivot Links Vulnerabilities.tsx navigates to /fleet/:agentId on agent click","status":"passed","title":"navigates to /fleet/:agentId on agent click","duration":0.20792900000000714,"failureMessages":[],"meta":{}},{"ancestorTitles":["Task 3: Saved Searches on 3 Pages","SavedSearchPanel component"],"fullName":"Task 3: Saved Searches on 3 Pages SavedSearchPanel component exists and exports SavedSearchPanel","status":"passed","title":"exists and exports SavedSearchPanel","duration":0.2647269999999935,"failureMessages":[],"meta":{}},{"ancestorTitles":["Task 3: Saved Searches on 3 Pages","SavedSearchPanel component"],"fullName":"Task 3: Saved Searches on 3 Pages SavedSearchPanel component uses trpc.savedSearches.list.useQuery","status":"passed","title":"uses trpc.savedSearches.list.useQuery","duration":0.32988699999998516,"failureMessages":[],"meta":{}},{"ancestorTitles":["Task 3: Saved Searches on 3 Pages","SavedSearchPanel component"],"fullName":"Task 3: Saved Searches on 3 Pages SavedSearchPanel component uses trpc.savedSearches.create.useMutation","status":"passed","title":"uses trpc.savedSearches.create.useMutation","duration":0.24347099999999955,"failureMessages":[],"meta":{}},{"ancestorTitles":["Task 3: Saved Searches on 3 Pages","SavedSearchPanel component"],"fullName":"Task 3: Saved Searches on 3 Pages SavedSearchPanel component uses trpc.savedSearches.delete.useMutation","status":"passed","title":"uses trpc.savedSearches.delete.useMutation","duration":0.21452600000000643,"failureMessages":[],"meta":{}},{"ancestorTitles":["Task 3: Saved Searches on 3 Pages","SavedSearchPanel component"],"fullName":"Task 3: Saved Searches on 3 Pages SavedSearchPanel component accepts typed searchType prop (derived from shared constant)","status":"passed","title":"accepts typed searchType prop (derived from shared constant)","duration":0.28311400000001186,"failureMessages":[],"meta":{}},{"ancestorTitles":["Task 3: Saved Searches on 3 Pages","AlertsTimeline.tsx"],"fullName":"Task 3: Saved Searches on 3 Pages AlertsTimeline.tsx imports SavedSearchPanel","status":"passed","title":"imports SavedSearchPanel","duration":0.2174800000000232,"failureMessages":[],"meta":{}},{"ancestorTitles":["Task 3: Saved Searches on 3 Pages","AlertsTimeline.tsx"],"fullName":"Task 3: Saved Searches on 3 Pages AlertsTimeline.tsx renders SavedSearchPanel with searchType='alerts'","status":"passed","title":"renders SavedSearchPanel with searchType='alerts'","duration":0.17730200000002583,"failureMessages":[],"meta":{}},{"ancestorTitles":["Task 3: Saved Searches on 3 Pages","AlertsTimeline.tsx"],"fullName":"Task 3: Saved Searches on 3 Pages AlertsTimeline.tsx provides getCurrentFilters callback","status":"passed","title":"provides getCurrentFilters callback","duration":0.1749810000000025,"failureMessages":[],"meta":{}},{"ancestorTitles":["Task 3: Saved Searches on 3 Pages","AlertsTimeline.tsx"],"fullName":"Task 3: Saved Searches on 3 Pages AlertsTimeline.tsx provides onLoadSearch callback","status":"passed","title":"provides onLoadSearch callback","duration":0.17029899999999998,"failureMessages":[],"meta":{}},{"ancestorTitles":["Task 3: Saved Searches on 3 Pages","Vulnerabilities.tsx"],"fullName":"Task 3: Saved Searches on 3 Pages Vulnerabilities.tsx imports SavedSearchPanel","status":"passed","title":"imports SavedSearchPanel","duration":0.16063299999999003,"failureMessages":[],"meta":{}},{"ancestorTitles":["Task 3: Saved Searches on 3 Pages","Vulnerabilities.tsx"],"fullName":"Task 3: Saved Searches on 3 Pages Vulnerabilities.tsx renders SavedSearchPanel with searchType='vulnerabilities'","status":"passed","title":"renders SavedSearchPanel with searchType='vulnerabilities'","duration":0.17964000000000624,"failureMessages":[],"meta":{}},{"ancestorTitles":["Task 3: Saved Searches on 3 Pages","AgentHealth.tsx"],"fullName":"Task 3: Saved Searches on 3 Pages AgentHealth.tsx imports SavedSearchPanel","status":"passed","title":"imports SavedSearchPanel","duration":0.1953019999999981,"failureMessages":[],"meta":{}},{"ancestorTitles":["Task 3: Saved Searches on 3 Pages","AgentHealth.tsx"],"fullName":"Task 3: Saved Searches on 3 Pages AgentHealth.tsx renders SavedSearchPanel with searchType='fleet'","status":"passed","title":"renders SavedSearchPanel with searchType='fleet'","duration":0.15814699999998538,"failureMessages":[],"meta":{}},{"ancestorTitles":["Task 3: Saved Searches on 3 Pages","Schema enum — shared constant"],"fullName":"Task 3: Saved Searches on 3 Pages Schema enum — shared constant schema imports SAVED_SEARCH_TYPES from shared constant","status":"passed","title":"schema imports SAVED_SEARCH_TYPES from shared constant","duration":0.21824699999999098,"failureMessages":[],"meta":{}},{"ancestorTitles":["Task 3: Saved Searches on 3 Pages","Schema enum — shared constant"],"fullName":"Task 3: Saved Searches on 3 Pages Schema enum — shared constant schema uses spread of SAVED_SEARCH_TYPES for enum","status":"passed","title":"schema uses spread of SAVED_SEARCH_TYPES for enum","duration":0.20248099999997748,"failureMessages":[],"meta":{}},{"ancestorTitles":["Task 3: Saved Searches on 3 Pages","Schema enum — shared constant"],"fullName":"Task 3: Saved Searches on 3 Pages Schema enum — shared constant shared constant includes all 5 search types","status":"passed","title":"shared constant includes all 5 search types","duration":0.3824350000000152,"failureMessages":[],"meta":{}},{"ancestorTitles":["Task 4: CSV Export Buttons","RulesetExplorer.tsx — decoderParents"],"fullName":"Task 4: CSV Export Buttons RulesetExplorer.tsx — decoderParents imports ExportButton","status":"passed","title":"imports ExportButton","duration":3.454312999999985,"failureMessages":[],"meta":{}},{"ancestorTitles":["Task 4: CSV Export Buttons","RulesetExplorer.tsx — decoderParents"],"fullName":"Task 4: CSV Export Buttons RulesetExplorer.tsx — decoderParents has ExportButton with baseName='decoder-parents'","status":"passed","title":"has ExportButton with baseName='decoder-parents'","duration":0.21411200000000008,"failureMessages":[],"meta":{}},{"ancestorTitles":["Task 4: CSV Export Buttons","RulesetExplorer.tsx — decoderParents"],"fullName":"Task 4: CSV Export Buttons RulesetExplorer.tsx — decoderParents has column definitions for decoder parents export","status":"passed","title":"has column definitions for decoder parents export","duration":0.24521399999997584,"failureMessages":[],"meta":{}},{"ancestorTitles":["Task 4: CSV Export Buttons","RulesetExplorer.tsx — rulesByRequirement"],"fullName":"Task 4: CSV Export Buttons RulesetExplorer.tsx — rulesByRequirement has ExportButton with baseName='rules-by-requirement'","status":"passed","title":"has ExportButton with baseName='rules-by-requirement'","duration":0.19634499999997956,"failureMessages":[],"meta":{}},{"ancestorTitles":["Task 4: CSV Export Buttons","RulesetExplorer.tsx — rulesByRequirement"],"fullName":"Task 4: CSV Export Buttons RulesetExplorer.tsx — rulesByRequirement passes activeRequirement as context","status":"passed","title":"passes activeRequirement as context","duration":0.17718100000001868,"failureMessages":[],"meta":{}},{"ancestorTitles":["Task 4: CSV Export Buttons","RulesetExplorer.tsx — rulesByRequirement"],"fullName":"Task 4: CSV Export Buttons RulesetExplorer.tsx — rulesByRequirement has column definitions for rules export","status":"passed","title":"has column definitions for rules export","duration":0.23497199999999907,"failureMessages":[],"meta":{}},{"ancestorTitles":["Task 4: CSV Export Buttons","AgentDetail.tsx — CIS-CAT results"],"fullName":"Task 4: CSV Export Buttons AgentDetail.tsx — CIS-CAT results imports ExportButton","status":"passed","title":"imports ExportButton","duration":0.15908300000000963,"failureMessages":[],"meta":{}},{"ancestorTitles":["Task 4: CSV Export Buttons","AgentDetail.tsx — CIS-CAT results"],"fullName":"Task 4: CSV Export Buttons AgentDetail.tsx — CIS-CAT results has ExportButton with baseName='ciscat-results'","status":"passed","title":"has ExportButton with baseName='ciscat-results'","duration":0.1811530000000232,"failureMessages":[],"meta":{}},{"ancestorTitles":["Task 4: CSV Export Buttons","AgentDetail.tsx — CIS-CAT results"],"fullName":"Task 4: CSV Export Buttons AgentDetail.tsx — CIS-CAT results has column definitions for CIS-CAT export","status":"passed","title":"has column definitions for CIS-CAT export","duration":0.28430499999998915,"failureMessages":[],"meta":{}},{"ancestorTitles":["Task 4: CSV Export Buttons","AgentDetail.tsx — CIS-CAT results"],"fullName":"Task 4: CSV Export Buttons AgentDetail.tsx — CIS-CAT results passes agent context to export","status":"passed","title":"passes agent context to export","duration":0.2475430000000074,"failureMessages":[],"meta":{}},{"ancestorTitles":["Task 4: CSV Export Buttons","AgentHealth.tsx — upgrade results"],"fullName":"Task 4: CSV Export Buttons AgentHealth.tsx — upgrade results imports ExportButton","status":"passed","title":"imports ExportButton","duration":0.15995000000000914,"failureMe
[...]
u/dang/server/wazuh/uiWiring.test.ts"},{"assertionResults":[{"ancestorTitles":["Wazuh Connection Secrets"],"fullName":"Wazuh Connection Secrets should have WAZUH_HOST set to 192.168.50.158","status":"passed","title":"should have WAZUH_HOST set to 192.168.50.158","duration":1.5076020000000199,"failureMessages":[],"meta":{}},{"ancestorTitles":["Wazuh Connection Secrets"],"fullName":"Wazuh Connection Secrets should have WAZUH_PORT set to 55000","status":"passed","title":"should have WAZUH_PORT set to 55000","duration":0.31088599999998223,"failureMessages":[],"meta":{}},{"ancestorTitles":["Wazuh Connection Secrets"],"fullName":"Wazuh Connection Secrets should have WAZUH_USER set to wazuh-wui","status":"passed","title":"should have WAZUH_USER set to wazuh-wui","duration":0.20903699999999503,"failureMessages":[],"meta":{}},{"ancestorTitles":["Wazuh Connection Secrets"],"fullName":"Wazuh Connection Secrets should have WAZUH_PASS set (non-empty)","status":"passed","title":"should have WAZUH_PASS set (non-empty)","duration":0.35020399999999086,"failureMessages":[],"meta":{}},{"ancestorTitles":["Wazuh Connection Secrets"],"fullName":"Wazuh Connection Secrets should have WAZUH_INDEXER_HOST set (non-empty)","status":"passed","title":"should have WAZUH_INDEXER_HOST set (non-empty)","duration":0.17770200000001068,"failureMessages":[],"meta":{}},{"ancestorTitles":["Wazuh Connection Secrets"],"fullName":"Wazuh Connection Secrets should have WAZUH_INDEXER_PORT set to 9200","status":"passed","title":"should have WAZUH_INDEXER_PORT set to 9200","duration":0.21814299999999776,"failureMessages":[],"meta":{}},{"ancestorTitles":["Wazuh Connection Secrets"],"fullName":"Wazuh Connection Secrets should have WAZUH_INDEXER_USER set to admin","status":"passed","title":"should have WAZUH_INDEXER_USER set to admin","duration":0.17951800000000162,"failureMessages":[],"meta":{}},{"ancestorTitles":["Wazuh Connection Secrets"],"fullName":"Wazuh Connection Secrets should have WAZUH_INDEXER_PASS set (non-empty)","status":"passed","title":"should have WAZUH_INDEXER_PASS set (non-empty)","duration":0.25206500000001597,"failureMessages":[],"meta":{}}],"startTime":1772840719403,"endTime":1772840719407.252,"status":"passed","message":"","name":"/home/ubuntu/dang/server/wazuh/wazuhConnection.test.ts"},{"assertionResults":[{"ancestorTitles":["Wazuh Credential Validation"],"fullName":"Wazuh Credential Validation should have Wazuh Manager credentials configured","status":"passed","title":"should have Wazuh Manager credentials configured","duration":2.387666999999965,"failureMessages":[],"meta":{}},{"ancestorTitles":["Wazuh Credential Validation"],"fullName":"Wazuh Credential Validation should have Wazuh Indexer credentials configured","status":"passed","title":"should have Wazuh Indexer credentials configured","duration":0.800927999999999,"failureMessages":[],"meta":{}},{"ancestorTitles":["Wazuh Credential Validation"],"fullName":"Wazuh Credential Validation should attempt to connect to Wazuh Manager API","status":"passed","title":"should attempt to connect to Wazuh Manager API","duration":5003.677602000001,"failureMessages":[],"meta":{}},{"ancestorTitles":["Wazuh Credential Validation"],"fullName":"Wazuh Credential Validation should attempt to connect to Wazuh Indexer","status":"passed","title":"should attempt to connect to Wazuh Indexer","duration":13.848346999999194,"failureMessages":[],"meta":{}}],"startTime":1772840715453,"endTime":1772840720473.8484,"status":"passed","message":"","name":"/home/ubuntu/dang/server/wazuh/wazuhConnectivity.test.ts"},{"assertionResults":[{"ancestorTitles":["wazuh router"],"fullName":"wazuh router status returns configured: true when Wazuh is configured","status":"passed","title":"status returns configured: true when Wazuh is configured","duration":3.8685780000000705,"failureMessages":[],"meta":{}},{"ancestorTitles":["wazuh router"],"fullName":"wazuh router isConfigured returns a result with configured property","status":"passed","title":"isConfigured returns a result with configured property","duration":0.895917000000054,"failureMessages":[],"meta":{}},{"ancestorTitles":["wazuh router"],"fullName":"wazuh router agents endpoint exists and returns data structure","status":"passed","title":"agents endpoint exists and returns data structure","duration":2.548133000000007,"failureMessages":[],"meta":{}},{"ancestorTitles":["wazuh router"],"fullName":"wazuh router managerLogs endpoint exists and returns data structure","status":"passed","title":"managerLogs endpoint exists and returns data structure","duration":0.9645289999998568,"failureMessages":[],"meta":{}},{"ancestorTitles":["wazuh router"],"fullName":"wazuh router managerStatus endpoint exists","status":"passed","title":"managerStatus endpoint exists","duration":0.613407000000052,"failureMessages":[],"meta":{}},{"ancestorTitles":["wazuh router"],"fullName":"wazuh router managerInfo endpoint exists","status":"passed","title":"managerInfo endpoint exists","duration":0.5143379999999524,"failureMessages":[],"meta":{}},{"ancestorTitles":["wazuh router"],"fullName":"wazuh router managerStats endpoint exists","status":"passed","title":"managerStats endpoint exists","duration":0.45974999999998545,"failureMessages":[],"meta":{}},{"ancestorTitles":["wazuh router"],"fullName":"wazuh router statsHourly endpoint exists","status":"passed","title":"statsHourly endpoint exists","duration":0.49685299999987365,"failureMessages":[],"meta":{}},{"ancestorTitles":["wazuh router"],"fullName":"wazuh router clusterStatus endpoint exists","status":"passed","title":"clusterStatus endpoint exists","duration":0.664451999999983,"failureMessages":[],"meta":{}},{"ancestorTitles":["wazuh router"],"fullName":"wazuh router clusterNodes endpoint exists","status":"passed","title":"clusterNodes endpoint exists","duration":0.8120570000000953,"failureMessages":[],"meta":{}},{"ancestorTitles":["wazuh router"],"fullName":"wazuh router scaPolicies endpoint requires agentId","status":"passed","title":"scaPolicies endpoint requires agentId","duration":1.0519410000001699,"failureMessages":[],"meta":{}},{"ancestorTitles":["wazuh router"],"fullName":"wazuh router scaChecks endpoint requires agentId and policyId","status":"passed","title":"scaChecks endpoint requires agentId and policyId","duration":1.0492809999998371,"failureMessages":[],"meta":{}},{"ancestorTitles":["wazuh router"],"fullName":"wazuh router syscheckFiles endpoint requires agentId","status":"passed","title":"syscheckFiles endpoint requires agentId","duration":1.3620269999998982,"failureMessages":[],"meta":{}},{"ancestorTitles":["wazuh router"],"fullName":"wazuh router syscheckLastScan endpoint requires agentId","status":"passed","title":"syscheckLastScan endpoint requires agentId","duration":0.5885090000001583,"failureMessages":[],"meta":{}},{"ancestorTitles":["wazuh router"],"fullName":"wazuh router daemonStats endpoint requires daemons array","status":"passed","title":"daemonStats endpoint requires daemons array","duration":0.69777699999986,"failureMessages":[],"meta":{}},{"ancestorTitles":["wazuh router"],"fullName":"wazuh router syscollectorPackages endpoint requires agentId","status":"passed","title":"syscollectorPackages endpoint requires agentId","duration":0.843845999999985,"failureMessages":[],"meta":{}},{"ancestorTitles":["wazuh router"],"fullName":"wazuh router syscollectorPorts endpoint requires agentId","status":"passed","title":"syscollectorPorts endpoint requires agentId","duration":1.0309819999999945,"failureMessages":[],"meta":{}},{"ancestorTitles":["wazuh router"],"fullName":"wazuh router syscollectorProcesses endpoint requires agentId","status":"passed","title":"syscollectorProcesses endpoint requires agentId","duration":0.8284159999998337,"failureMessages":[],"meta":{}},{"ancestorTitles":["wazuh router"],"fullName":"wazuh router agentOs endpoint requires agentId","status":"passed","title":"agentOs endpoint requires agentId","duration":0.5162769999999455,"failureMessages":[],"meta":{}},{"ancestorTitles":["wazuh router"],"fullName":"wazuh router agentHardware endpoint requires agentId","status":"passed","title":"agentHardware endpoint requires agentId","duration":0.5274160000001302,"failureMessages":[],"meta":{}},{"ancestorTitles":["wazuh router"],"fullName":"wazuh router agentNetaddr endpoint requires agentId","status":"passed","title":"agentNetaddr endpoint requires agentId","duration":0.4871729999999843,"failureMessages":[],"meta":{}},{"ancestorTitles":["wazuh router"],"fullName":"wazuh router mitreMetadata endpoint exists","status":"passed","title":"mitreMetadata endpoint exists","duration":0.7155250000000706,"failureMessages":[],"meta":{}},{"ancestorTitles":["wazuh router"],"fullName":"wazuh router mitreTechniques endpoint exists","status":"passed","title":"mitreTechniques endpoint exists","duration":0.6284809999999652,"failureMessages":[],"meta":{}},{"ancestorTitles":["wazuh router"],"fullName":"wazuh router mitreTactics endpoint exists","status":"passed","title":"mitreTactics endpoint exists","duration":0.4275310000000445,"failureMessages":[],"meta":{}},{"ancestorTitles":["wazuh router"],"fullName":"wazuh router agentBrowserExtensions endpoint returns data with fallback","status":"passed","title":"agentBrowserExtensions endpoint returns data with fallback","duration":0.7739389999999275,"failureMessages":[],"meta":{}},{"ancestorTitles":["wazuh router"],"fullName":"wazuh router agentServices endpoint returns data with fallback","status":"passed","title":"agentServices endpoint returns data with fallback","duration":1.1094250000001011,"failureMessages":[],"meta":{}},{"ancestorTitles":["wazuh router"],"fullName":"wazuh router agentUsers endpoint returns data with fallback","status":"passed","title":"agentUsers endpoint returns data with fallback","duration":0.5996079999999893,"failureMessages":[],"meta":{}},{"ancestorTitles":["wazuh router"],"fullName":"wazuh router agentGroups2 endpoint returns data with fallback","status":"passed","title":"agentGroups2 endpoint returns data with fallback","duration":0.7312899999999445,"failureMessages":[],"meta":{}},{"ancestorTitles":["wazuh router","P2: agentsSummary"],"fullName":"wazuh router P2: agentsSummary calls GET /agents/summary with no params","status":"passed","title":"calls GET /agents/summary with no params","duration":0.4554859999998371,"failureMessages":[],"meta":{}},{"ancestorTitles":["wazuh router","P2: agentsSummary"],"fullName":"wazuh router P2: agentsSummary calls GET /agents/summary with agents_list filter","status":"passed","title":"calls GET /agents/summary with agents_list filter","duration":1.884516000000076,"failureMessages":[],"meta":{}},{"ancestorTitles":["wazuh router","P2: agentsSummary"],"fullName":"wazuh router P2: agentsSummary calls GET /agents/summary with agents_list as array","status":"passed","title":"calls GET /agents/summary with agents_list as array","duration":0.6008919999999307,"failureMessages":[],"meta":{}},{"ancestorTitles":["wazuh router","P2: managerVersionCheck"],"fullName":"wazuh router P2: managerVersionCheck calls GET /manager/version/check with no params","status":"passed","title":"calls GET /manager/version/check with no params","duration":0.8577159999999822,"failureMessages":[],"meta":{}},{"ancestorTitles":["wazuh router","P2: managerVersionCheck"],"fullName":"wazuh router P2: managerVersionCheck calls GET /manager/version/check with force_query=true","status":"passed","title":"calls GET /manager/version/check with force_query=true","duration":0.7371979999998075,"failureMessages":[],"meta":{}},{"ancestorTitles":["wazuh router","P2: managerComponentConfig"],"fullName":"wazuh router P2: managerComponentConfig calls GET /manager/configuration/{component}/{configuration}","status":"passed","title":"calls GET /manager/configuration/{component}/{configuration}","duration":0.4706069999999727,"failureMessages":[],"meta":{}},{"ancestorTitles":["wazuh router","P2: managerComponentConfig"],"fullName":"wazuh router P2: managerComponentConfig calls with different component/configuration pairs","status":"passed","title":"calls with different component/configuration pairs","duration":0.4534840000001168,"failureMessages":[],"meta":{}},{"ancestorTitles":["wazuh router","P2: managerComponentConfig"],"fullName":"wazuh router P2: managerComponentConfig rejects missing component","status":"passed","title":"rejects missing component","duration":3.444299000000001,"failureMessages":[],"meta":{}},{"ancestorTitles":["wazuh router","P2: managerComponentConfig"],"fullName":"wazuh router P2: managerComponentConfig rejects missing configuration","status":"passed","title":"rejects missing configuration","duration":0.876756000000114,"failureMessages":[],"meta":{}},{"ancestorTitles":["wazuh router","P2: securityConfig"],"fullName":"wazuh router P2: securityConfig calls GET /security/config","status":"passed","title":"calls GET /security/config","duration":0.45111599999995633,"failureMessages":[],"meta":{}},{"ancestorTitles":["wazuh router","P2: securityCurrentUser"],"fullName":"wazuh router P2: securityCurrentUser calls GET /security/users/me","status":"passed","title":"calls GET /security/users/me","duration":0.36854799999991883,"failureMessages":[],"meta":{}},{"ancestorTitles":["wazuh router auth gating"],"fullName":"wazuh router auth gating rejects unauthenticated access to wazuh.status","status":"passed","title":"rejects unauthenticated access to wazuh.status","duration":0.5334649999999783,"failureMessages":[],"meta":{}},{"ancestorTitles":["wazuh router auth gating"],"fullName":"wazuh router auth gating rejects unauthenticated access to wazuh.agents","status":"passed","title":"rejects unauthenticated access to wazuh.agents","duration":0.46741099999985636,"failureMessages":[],"meta":{}},{"ancestorTitles":["wazuh router auth gating"],"fullName":"wazuh router auth gating rejects unauthenticated access to wazuh.managerInfo","status":"passed","title":"rejects unauthenticated access to wazuh.managerInfo","duration":0.47446100000001934,"failureMessages":[],"meta":{}},{"ancestorTitles":["wazuh router auth gating"],"fullName":"wazuh router auth gating rejects unauthenticated access to wazuh.securityCurrentUser","status":"passed","title":"rejects unauthenticated access to wazuh.securityCurrentUser","duration":0.4571889999999712,"failureMessages":[],"meta":{}},{"ancestorTitles":["wazuh router auth gating"],"fullName":"wazuh router auth gating rejects unauthenticated access to wazuh.securityRbacRules","status":"passed","title":"rejects unauthenticated access to wazuh.securityRbacRules","duration":0.45666400000004614,"failureMessages":[],"meta":{}},{"ancestorTitles":["wazuh router auth gating"],"fullName":"wazuh router auth gating rejects unauthenticated access to wazuh.securityActions","status":"passed","title":"rejects unauthenticated access to wazuh.securityActions","duration":0.5315229999998792,"failureMessages":[],"meta":{}},{"ancestorTitles":["wazuh router auth gating"],"fullName":"wazuh router auth gating rejects unauthenticated access to wazuh.securityResources","status":"passed","title":"rejects unauthenticated access to wazuh.securityResources","duration":0.9704199999998764,"failureMessages":[],"meta":{}},{"ancestorTitles":["wazuh router auth gating"],"fullName":"wazuh router auth gating rejects unauthenticated access to wazuh.securityCurrentUserPolicies","status":"passed","title":"rejects unauthenticated access to wazuh.securityCurrentUserPolicies","duration":0.5771030000000792,"failureMessages":[],"meta":{}}],"startTime":1772840706236,"endTime":1772840706280.5771,"status":"passed","message":"","name":"/home/ubuntu/dang/server/wazuh/wazuhRouter.test.ts"},{"assertionResults":[{"ancestorTitles":["Wazuh API Spec v4.14.3 — Full Coverage Endpoints","syscollector/netproto endpoint"],"fullName":"Wazuh API Spec v4.14.3 — Full Coverage Endpoints syscollector/netproto endpoint should have agentNetproto procedure defined","status":"passed","title":"should have agentNetproto procedure defined","duration":275.13861499999996,"failureMessages":[],"meta":{}},{"ancestorTitles":["Wazuh API Spec v4.14.3 — Full Coverage Endpoints","decoders/parents endpoint"],"fullName":"Wazuh API Spec v4.14.3 — Full Coverage Endpoints decoders/parents endpoint should have decoderParents procedure defined","status":"passed","title":"should have decoderParents procedure defined","duration":0.5892319999999813,"failureMessages":[],"meta":{}},{"ancestorTitles":["Wazuh API Spec v4.14.3 — Full Coverage Endpoints","rules/files/{filename} endpoint"],"fullName":"Wazuh API Spec v4.14.3 — Full Coverage Endpoints rules/files/{filename} endpoint should have ruleFileContent procedure defined","status":"passed","title":"should have ruleFileContent procedure defined","duration":0.4328350000000114,"failureMessages":[],"meta":{}},{"ancestorTitles":["Wazuh API Spec v4.14.3 — Full Coverage Endpoints","decoders/files/{filename} endpoint"],"fullName":"Wazuh API Spec v4.14.3 — Full Coverage Endpoints decoders/files/{filename} endpoint should have decoderFileContent procedure defined","status":"passed","title":"should have decoderFileContent procedure defined","duration":0.40900900000002594,"failureMessages":[],"meta":{}},{"ancestorTitles":["Wazuh API Spec v4.14.3 — Full Coverage Endpoints","agents/outdated endpoint"],"fullName":"Wazuh API Spec v4.14.3 — Full Coverage Endpoints agents/outdated endpoint should have agentsOutdated procedure defined","status":"passed","title":"should have agentsOutdated procedure defined","duration":0.5788059999999859,"failureMessages":[],"meta":{}},{"ancestorTitles":["Wazuh API Spec v4.14.3 — Full Coverage Endpoints","agents/no_group endpoint"],"fullName":"Wazuh API Spec v4.14.3 — Full Coverage Endpoints agents/no_group endpoint should have agentsNoGroup procedure defined","status":"passed","title":"should have agentsNoGroup procedure defined","duration":0.6201660000000402,"failureMessages":[],"meta":{}},{"ancestorTitles":["Wazuh API Spec v4.14.3 — Full Coverage Endpoints","agents/stats/distinct endpoint"],"fullName":"Wazuh API Spec v4.14.3 — Full Coverage Endpoints agents/stats/distinct endpoint should have agentStatsDistinct procedure defined","status":"passed","title":"should have agentStatsDistinct procedure defined","duration":0.5434529999999995,"failureMessages":[],"meta":{}},{"ancestorTitles":["Wazuh API Spec v4.14.3 — Full Coverage Endpoints","groups/{group_id}/configuration endpoint"],"fullName":"Wazuh API Spec v4.14.3 — Full Coverage Endpoints groups/{group_id}/configuration endpoint should have groupConfiguration procedure defined","status":"passed","title":"should have groupConfiguration procedure defined","duration":0.4908900000000358,"failureMessages":[],"meta":{}},{"ancestorTitles":["Wazuh API Spec v4.14.3 — Full Coverage Endpoints","core endpoint coverage"],"fullName":"Wazuh API Spec v4.14.3 — Full Coverage Endpoints core endpoint coverage should have all essential read-only endpoints","status":"passed","title":"should have all essential read-only endpoints","duration":3.542895000000044,"failureMessages":[],"meta":{}},{"ancestorTitles":["Wazuh API Spec v4.14.3 — Full Coverage Endpoints","core endpoint coverage"],"fullName":"Wazuh API Spec v4.14.3 — Full Coverage Endpoints core endpoint coverage should have status and auth endpoints","status":"passed","title":"should have status and auth endpoints","duration":0.45653200000003835,"failureMessages":[],"meta":{}},{"ancestorTitles":["Wazuh API Spec v4.14.3 — Full Coverage Endpoints","read-only enforcement"],"fullName":"Wazuh API Spec v4.14.3 — Full Coverage Endpoints read-only enforcement should not contain any write/delete/put mutation endpoints","status":"passed","title":"should not contain any write/delete/put mutation endpoints","duration":20.52881400000001,"failureMessages":[],"meta":{}}],"startTime":1772840714560,"endTime":1772840714865.5288,"status":"passed","message":"","name":"/home/ubuntu/dang/server/wazuh/wazuhSpecCoverage.test.ts"}]}