{"numTotalTestSuites":659,"numPassedTestSuites":659,"numFailedTestSuites":0,"numPendingTestSuites":0,"numTotalTests":2413,"numPassedTests":2413,"numFailedTests":0,"numPendingTests":0,"numTodoTests":0,"snapshot":{"added":0,"failure":false,"filesAdded":0,"filesRemoved":0,"filesRemovedList":[],"filesUnmatched":0,"filesUpdated":0,"matched":0,"total":0,"unchecked":0,"uncheckedKeysByFile":[],"unmatched":0,"updated":0,"didUpdate":false},"startTime":1772840076200,"success":true,"testResults":[{"assertionResults":[{"ancestorTitles":["AgentDetail tab configuration"],"fullName":"AgentDetail tab configuration has exactly 5 tabs","status":"passed","title":"has exactly 5 tabs","duration":2.1728950000000395,"failureMessages":[],"meta":{}},{"ancestorTitles":["AgentDetail tab configuration"],"fullName":"AgentDetail tab configuration overview is the first (default) tab","status":"passed","title":"overview is the first (default) tab","duration":0.4325450000000046,"failureMessages":[],"meta":{}},{"ancestorTitles":["AgentDetail tab configuration"],"fullName":"AgentDetail tab configuration all tab IDs are unique","status":"passed","title":"all tab IDs are unique","duration":0.25120099999998047,"failureMessages":[],"meta":{}},{"ancestorTitles":["AgentDetail tab configuration"],"fullName":"AgentDetail tab configuration tab IDs are lowercase with no spaces","status":"passed","title":"tab IDs are lowercase with no spaces","duration":0.7890269999999759,"failureMessages":[],"meta":{}},{"ancestorTitles":["AgentDetail severity colors"],"fullName":"AgentDetail severity colors has colors for all four severity levels","status":"passed","title":"has colors for all four severity levels","duration":0.7797150000000101,"failureMessages":[],"meta":{}},{"ancestorTitles":["AgentDetail severity colors"],"fullName":"AgentDetail severity colors all colors use OKLCH format","status":"passed","title":"all colors use OKLCH format","duration":0.4634140000000002,"failureMessages":[],"meta":{}},{"ancestorTitles":["AgentDetail severity colors"],"fullName":"AgentDetail severity colors Critical is the most saturated (highest chroma)","status":"passed","title":"Critical is the most saturated (highest chroma)","duration":0.44646899999997913,"failureMessages":[],"meta":{}},{"ancestorTitles":["AgentDetail alert level classification"],"fullName":"AgentDetail alert level classification classifies level 15 as critical","status":"passed","title":"classifies level 15 as critical","duration":0.19508599999994658,"failureMessages":[],"meta":{}},{"ancestorTitles":["AgentDetail alert level classification"],"fullName":"AgentDetail alert level classification classifies level 12 as critical","status":"passed","title":"classifies level 12 as critical","duration":0.26955800000001773,"failureMessages":[],"meta":{}},{"ancestorTitles":["AgentDetail alert level classification"],"fullName":"AgentDetail alert level classification classifies level 11 as high","status":"passed","title":"classifies level 11 as high","duration":0.21429200000000037,"failureMessages":[],"meta":{}},{"ancestorTitles":["AgentDetail alert level classification"],"fullName":"AgentDetail alert level classification classifies level 7 as high","status":"passed","title":"classifies level 7 as high","duration":0.15931799999998475,"failureMessages":[],"meta":{}},{"ancestorTitles":["AgentDetail alert level classification"],"fullName":"AgentDetail alert level classification classifies level 6 as medium","status":"passed","title":"classifies level 6 as medium","duration":0.14443600000004153,"failureMessages":[],"meta":{}},{"ancestorTitles":["AgentDetail alert level classification"],"fullName":"AgentDetail alert level classification classifies level 4 as medium","status":"passed","title":"classifies level 4 as medium","duration":0.1417069999999967,"failureMessages":[],"meta":{}},{"ancestorTitles":["AgentDetail alert level classification"],"fullName":"AgentDetail alert level classification classifies level 3 as low","status":"passed","title":"classifies level 3 as low","duration":0.1288319999999885,"failureMessages":[],"meta":{}},{"ancestorTitles":["AgentDetail alert level classification"],"fullName":"AgentDetail alert level classification classifies level 0 as low","status":"passed","title":"classifies level 0 as low","duration":0.19289200000002893,"failureMessages":[],"meta":{}},{"ancestorTitles":["AgentDetail SCA compliance percentage"],"fullName":"AgentDetail SCA compliance percentage calculates 100% when all pass","status":"passed","title":"calculates 100% when all pass","duration":0.20490499999999656,"failureMessages":[],"meta":{}},{"ancestorTitles":["AgentDetail SCA compliance percentage"],"fullName":"AgentDetail SCA compliance percentage calculates 0% when all fail","status":"passed","title":"calculates 0% when all fail","duration":0.1384530000000268,"failureMessages":[],"meta":{}},{"ancestorTitles":["AgentDetail SCA compliance percentage"],"fullName":"AgentDetail SCA compliance percentage handles mixed results correctly","status":"passed","title":"handles mixed results correctly","duration":0.1363529999999855,"failureMessages":[],"meta":{}},{"ancestorTitles":["AgentDetail SCA compliance percentage"],"fullName":"AgentDetail SCA compliance percentage returns 0 when total is 0","status":"passed","title":"returns 0 when total is 0","duration":0.13099899999997433,"failureMessages":[],"meta":{}},{"ancestorTitles":["AgentDetail SCA compliance percentage"],"fullName":"AgentDetail SCA compliance percentage rounds to nearest integer","status":"passed","title":"rounds to nearest integer","duration":0.17262700000003406,"failureMessages":[],"meta":{}},{"ancestorTitles":["AgentDetail vulnerability severity counting"],"fullName":"AgentDetail vulnerability severity counting counts vulnerabilities by severity","status":"passed","title":"counts vulnerabilities by severity","duration":0.3412659999999619,"failureMessages":[],"meta":{}},{"ancestorTitles":["AgentDetail vulnerability severity counting"],"fullName":"AgentDetail vulnerability severity counting returns all zeros for empty array","status":"passed","title":"returns all zeros for empty array","duration":0.241074000000026,"failureMessages":[],"meta":{}},{"ancestorTitles":["AgentDetail vulnerability severity counting"],"fullName":"AgentDetail vulnerability severity counting ignores unknown severity levels","status":"passed","title":"ignores unknown severity levels","duration":0.2089849999999842,"failureMessages":[],"meta":{}},{"ancestorTitles":["AgentDetail pagination"],"fullName":"AgentDetail pagination calculates total pages correctly","status":"passed","title":"calculates total pages correctly","duration":0.244858000000022,"failureMessages":[],"meta":{}},{"ancestorTitles":["AgentDetail pagination"],"fullName":"AgentDetail pagination minimum is always 1 page","status":"passed","title":"minimum is always 1 page","duration":0.15010599999999386,"failureMessages":[],"meta":{}},{"ancestorTitles":["AgentDetail pagination"],"fullName":"AgentDetail pagination offset calculation is correct","status":"passed","title":"offset calculation is correct","duration":0.19255999999995765,"failureMessages":[],"meta":{}},{"ancestorTitles":["AgentDetail route"],"fullName":"AgentDetail route route pattern matches fleet/:agentId format","status":"passed","title":"route pattern matches fleet/:agentId format","duration":0.18389600000000428,"failureMessages":[],"meta":{}},{"ancestorTitles":["AgentDetail route"],"fullName":"AgentDetail route agent IDs can be extracted from route params","status":"passed","title":"agent IDs can be extracted from route params","duration":0.16617800000000216,"failureMessages":[],"meta":{}},{"ancestorTitles":["AgentDetail route"],"fullName":"AgentDetail route handles missing agentId gracefully","status":"passed","title":"handles missing agentId gracefully","duration":0.14569499999998925,"failureMessages":[],"meta":{}},{"ancestorTitles":["AgentDetail data extraction"],"fullName":"AgentDetail data extraction safely extracts affected_items from Wazuh response","status":"passed","title":"safely extracts affected_items from Wazuh response","duration":0.3257889999999861,"failureMessages":[],"meta":{}},{"ancestorTitles":["AgentDetail data extraction"],"fullName":"AgentDetail data extraction returns empty array when response is null","status":"passed","title":"returns empty array when response is null","duration":0.2571350000000052,"failureMessages":[],"meta":{}},{"ancestorTitles":["AgentDetail data extraction"],"fullName":"AgentDetail data extraction returns empty array when data is missing","status":"passed","title":"returns empty array when data is missing","duration":0.27647699999999986,"failureMessages":[],"meta":{}},{"ancestorTitles":["AgentDetail data extraction"],"fullName":"AgentDetail data extraction extracts agent status correctly","status":"passed","title":"extracts agent status correctly","duration":0.16471799999999348,"failureMessages":[],"meta":{}},{"ancestorTitles":["AgentDetail data extraction"],"fullName":"AgentDetail data extraction falls back to 'unknown' for missing status","status":"passed","title":"falls back to 'unknown' for missing status","duration":0.15168299999999135,"failureMessages":[],"meta":{}},{"ancestorTitles":["AgentDetail data extraction"],"fullName":"AgentDetail data extraction extracts OS info from nested object","status":"passed","title":"extracts OS info from nested object","duration":0.18791500000003225,"failureMessages":[],"meta":{}},{"ancestorTitles":["AgentDetail data extraction"],"fullName":"AgentDetail data extraction handles RAM conversion to GB","status":"passed","title":"handles RAM conversion to GB","duration":0.14747299999999086,"failureMessages":[],"meta":{}},{"ancestorTitles":["AgentDetail syscollector sub-tabs"],"fullName":"AgentDetail syscollector sub-tabs has exactly 4 sub-tabs","status":"passed","title":"has exactly 4 sub-tabs","duration":0.29756299999996827,"failureMessages":[],"meta":{}},{"ancestorTitles":["AgentDetail syscollector sub-tabs"],"fullName":"AgentDetail syscollector sub-tabs packages is the default sub-tab","status":"passed","title":"packages is the default sub-tab","duration":0.1467789999999809,"failureMessages":[],"meta":{}},{"ancestorTitles":["AgentDetail syscollector sub-tabs"],"fullName":"AgentDetail syscollector sub-tabs network sub-tab disables pagination","status":"passed","title":"network sub-tab disables pagination","duration":2.1811360000000377,"failureMessages":[],"meta":{}}],"startTime":1772840084177,"endTime":1772840084192.1812,"status":"passed","message":"","name":"/home/ubuntu/dang/server/agentDetail.test.ts"},{"assertionResults":[{"ancestorTitles":["Related Investigations — evidence matching"],"fullName":"Related Investigations — evidence matching matches by evidence data.agentId","status":"passed","title":"matches by evidence data.agentId","duration":1.8455730000000017,"failureMessages":[],"meta":{}},{"ancestorTitles":["Related Investigations — evidence matching"],"fullName":"Related Investigations — evidence matching matches by evidence data.agent_id (underscore variant)","status":"passed","title":"matches by evidence data.agent_id (underscore variant)","duration":0.399895000000015,"failureMessages":[],"meta":{}},{"ancestorTitles":["Related Investigations — evidence matching"],"fullName":"Related Investigations — evidence matching matches by evidence data.id","status":"passed","title":"matches by evidence data.id","duration":0.2701250000000073,"failureMessages":[],"meta":{}},{"ancestorTitles":["Related Investigations — evidence matching"],"fullName":"Related Investigations — evidence matching matches by evidence label containing Agent ID","status":"passed","title":"matches by evidence label containing Agent ID","duration":0.6341519999999718,"failureMessages":[],"meta":{}},{"ancestorTitles":["Related Investigations — evidence matching"],"fullName":"Related Investigations — evidence matching matches by evidence label with lowercase agent","status":"passed","title":"matches by evidence label with lowercase agent","duration":0.22901100000001406,"failureMessages":[],"meta":{}},{"ancestorTitles":["Related Investigations — evidence matching"],"fullName":"Related Investigations — evidence matching matches by session title","status":"passed","title":"matches by session title","duration":0.860005000000001,"failureMessages":[],"meta":{}},{"ancestorTitles":["Related Investigations — evidence matching"],"fullName":"Related Investigations — evidence matching matches by session description","status":"passed","title":"matches by session description","duration":0.2423729999999864,"failureMessages":[],"meta":{}},{"ancestorTitles":["Related Investigations — evidence matching"],"fullName":"Related Investigations — evidence matching returns false for no match","status":"passed","title":"returns false for no match","duration":0.2839899999999602,"failureMessages":[],"meta":{}},{"ancestorTitles":["Related Investigations — evidence matching"],"fullName":"Related Investigations — evidence matching handles null/undefined evidence gracefully","status":"passed","title":"handles null/undefined evidence gracefully","duration":0.40892400000001317,"failureMessages":[],"meta":{}},{"ancestorTitles":["Related Investigations — evidence matching"],"fullName":"Related Investigations — evidence matching handles empty evidence array","status":"passed","title":"handles empty evidence array","duration":0.24977000000001226,"failureMessages":[],"meta":{}},{"ancestorTitles":["Related Investigations — status colors"],"fullName":"Related Investigations — status colors has colors for all three statuses","status":"passed","title":"has colors for all three statuses","duration":0.7505600000000072,"failureMessages":[],"meta":{}},{"ancestorTitles":["Related Investigations — status colors"],"fullName":"Related Investigations — status colors each status has bg, text, and border classes","status":"passed","title":"each status has bg, text, and border classes","duration":0.4881939999999645,"failureMessages":[],"meta":{}},{"ancestorTitles":["Activity Timeline — tab configuration"],"fullName":"Activity Timeline — tab configuration has exactly 6 tabs (including timeline)","status":"passed","title":"has exactly 6 tabs (including timeline)","duration":1.0272709999999847,"failureMessages":[],"meta":{}},{"ancestorTitles":["Activity Timeline — tab configuration"],"fullName":"Activity Timeline — tab configuration timeline is the last tab","status":"passed","title":"timeline is the last tab","duration":0.1718309999999974,"failureMessages":[],"meta":{}},{"ancestorTitles":["Activity Timeline — tab configuration"],"fullName":"Activity Timeline — tab configuration all tab IDs are unique","status":"passed","title":"all tab IDs are unique","duration":0.17329499999999598,"failureMessages":[],"meta":{}},{"ancestorTitles":["Activity Timeline — source configuration"],"fullName":"Activity Timeline — source configuration has exactly 3 source types","status":"passed","title":"has exactly 3 source types","duration":0.2755290000000059,"failureMessages":[],"meta":{}},{"ancestorTitles":["Activity Timeline — source configuration"],"fullName":"Activity Timeline — source configuration all sources have OKLCH colors","status":"passed","title":"all sources have OKLCH colors","duration":0.37155899999999065,"failureMessages":[],"meta":{}},{"ancestorTitles":["Activity Timeline — source configuration"],"fullName":"Activity Timeline — source configuration all sources have labels","status":"passed","title":"all sources have labels","duration":0.3237050000000181,"failureMessages":[],"meta":{}},{"ancestorTitles":["Activity Timeline — source configuration"],"fullName":"Activity Timeline — source configuration alert uses purple (293 hue)","status":"passed","title":"alert uses purple (293 hue)","duration":0.32641799999998966,"failureMessages":[],"meta":{}},{"ancestorTitles":["Activity Timeline — source configuration"],"fullName":"Activity Timeline — source configuration fim uses cyan (211 hue)","status":"passed","title":"fim uses cyan (211 hue)","duration":0.21411399999999503,"failureMessages":[],"meta":{}},{"ancestorTitles":["Activity Timeline — source configuration"],"fullName":"Activity Timeline — source configuration vulnerability uses orange (47 hue)","status":"passed","title":"vulnerability uses orange (47 hue)","duration":0.14759099999997716,"failureMessages":[],"meta":{}},{"ancestorTitles":["Activity Timeline — event transformation"],"fullName":"Activity Timeline — event transformation maps level 15 to critical","status":"passed","title":"maps level 15 to critical","duration":0.22421100000002525,"failureMessages":[],"meta":{}},{"ancestorTitles":["Activity Timeline — event transformation"],"fullName":"Activity Timeline — event transformation maps level 12 to critical","status":"passed","title":"maps level 12 to critical","duration":0.16313300000001618,"failureMessages":[],"meta":{}},{"ancestorTitles":["Activity Timeline — event transformation"],"fullName":"Activity Timeline — event transformation maps level 7 to high","status":"passed","title":"maps level 7 to high","duration":0.15664800000001833,"failureMessages":[],"meta":{}},{"ancestorTitles":["Activity Timeline — event transformation"],"fullName":"Activity Timeline — event transformation maps level 11 to high","status":"passed","title":"maps level 11 to high","duration":0.14951600000000553,"failureMessages":[],"meta":{}},{"ancestorTitles":["Activity Timeline — event transformation"],"fullName":"Activity Timeline — event transformation maps level 4 to medium","status":"passed","title":"maps level 4 to medium","duration":0.15894099999997024,"failureMessages":[],"meta":{}},{"ancestorTitles":["Activity Timeline — event transformation"],"fullName":"Activity Timeline — event transformation maps level 3 to low","status":"passed","title":"maps level 3 to low","duration":0.17536300000000438,"failureMessages":[],"meta":{}},{"ancestorTitles":["Activity Timeline — event transformation"],"fullName":"Activity Timeline — event transformation maps level 0 to low","status":"passed","title":"maps level 0 to low","duration":0.1426230000000146,"failureMessages":[],"meta":{}},{"ancestorTitles":["Activity Timeline — event transformation"],"fullName":"Activity Timeline — event transformation uses rule.description as title","status":"passed","title":"uses rule.description as title","duration":0.14730299999996532,"failureMessages":[],"meta":{}},{"ancestorTitles":["Activity Timeline — event transformation"],"fullName":"Activity Timeline — event transformation falls back to 'Alert' when no description","status":"passed","title":"falls back to 'Alert' when no description","duration":0.14603999999997086,"failureMessages":[],"meta":{}},{"ancestorTitles":["Activity Timeline — event transformation"],"fullName":"Activity Timeline — event transformation handles missing _source gracefully","status":"passed","title":"handles missing _source gracefully","duration":0.1459389999999985,"failureMessages":[],"meta":{}},{"ancestorTitles":["Activity Timeline — event sorting"],"fullName":"Activity Timeline — event sorting sorts events in descending order (newest first)","status":"passed","title":"sorts events in descending order (newest first)","duration":0.3057150000000206,"failureMessages":[],"meta":{}},{"ancestorTitles":["Activity Timeline — event sorting"],"fullName":"Activity Timeline — event sorting handles empty timestamps","status":"passed","title":"handles empty timestamps","duration":0.16481499999997595,"failureMessages":[],"meta":{}},{"ancestorTitles":["Activity Timeline — event sorting"],"fullName":"Activity Timeline — event sorting handles empty array","status":"passed","title":"handles empty array","duration":0.1848810000000185,"failureMessages":[],"meta":{}},{"ancestorTitles":["Activity Timeline — source filtering"],"fullName":"Activity Timeline — source filtering 'all' returns all events","status":"passed","title":"'all' returns all events","duration":0.2946780000000331,"failureMessages":[],"meta":{}},{"ancestorTitles":["Activity Timeline — source filtering"],"fullName":"Activity Timeline — source filtering 'alert' filters to alert events only","status":"passed","title":"'alert' filters to alert events only","duration":0.2803250000000048,"failureMessages":[],"meta":{}},{"ancestorTitles":["Activity Timeline — source filtering"],"fullName":"Activity Timeline — source filtering 'fim' filters to FIM events only","status":"passed","title":"'fim' filters to FIM events only","duration":0.416938000000016,"failureMessages":[],"meta":{}},{"ancestorTitles":["Activity Timeline — source filtering"],"fullName":"Activity Timeline — source filtering 'vulnerability' filters to vulnerability events only","status":"passed","title":"'vulnerability' filters to vulnerability events only","duration":0.35470100000003413,"failureMessages":[],"meta":{}},{"ancestorTitles":["Agent Comparison — severity colors"],"fullName":"Agent Comparison — severity colors has 4 severity levels","status":"passed","title":"has 4 severity levels","duration":0.23586199999999735,"failureMessages":[],"meta":{}},{"ancestorTitles":["Agent Comparison — severity colors"],"fullName":"Agent Comparison — severity colors all colors use OKLCH format","status":"passed","title":"all colors use OKLCH format","duration":3.5641160000000127,"failureMessages":[],"meta":{}},{"ancestorTitles":["Agent Comparison — severity colors"],"fullName":"Agent Comparison — severity colors Critical has the lowest lightness (darkest/most alarming)","status":"passed","title":"Critical has the lowest lightness (darkest/most alarming)","duration":0.3543559999999957,"failureMessages":[],"meta":{}},{"ancestorTitles":["Agent Comparison — agent colors"],"fullName":"Agent Comparison — agent colors has exactly 3 agent colors (max 3 agents)","status":"passed","title":"has exactly 3 agent colors (max 3 agents)","duration":0.23315999999999804,"failureMessages":[],"meta":{}},{"ancestorTitles":["Agent Comparison — agent colors"],"fullName":"Agent Comparison — agent colors all colors are distinct","status":"passed","title":"all colors are distinct","duration":0.14697900000004438,"failureMessages":[],"meta":{}},{"ancestorTitles":["Agent Comparison — agent colors"],"fullName":"Agent Comparison — agent colors first agent is purple (293 hue)","status":"passed","title":"first agent is purple (293 hue)","duration":0.190371999999968,"failureMessages":[],"meta":{}},{"ancestorTitles":["Agent Comparison — agent colors"],"fullName":"Agent Comparison — agent colors second agent is cyan (211 hue)","status":"passed","title":"second agent is cyan (211 hue)","duration":0.12496199999998225,"failureMessages":[],"meta":{}},{"ancestorTitles":["Agent Comparison — agent colors"],"fullName":"Agent Comparison — agent colors third agent is orange (47 hue)","status":"passed","title":"third agent is orange (47 hue)","duration":0.16942000000000235,"failureMessages":[],"meta":{}},{"ancestorTitles":["Agent Comparison — alert level classification"],"fullName":"Agent Comparison — alert level classification classifies levels 12-15 as critical","status":"passed","title":"classifies levels 12-15 as critical","duration":0.2030889999999772,"failureMessages":[],"meta":{}},{"ancestorTitles":["Agent Comparison — alert level classification"],"fullName":"Agent Comparison — alert level classification classifies levels 7-11 as high","status":"passed","title":"classifies levels 7-11 as high","duration":0.14456200000000763,"failureMessages":[],"meta":{}},{"ancestorTitles":["Agent Comparison — alert level classification"],"fullName":"Agent Comparison — alert level classification classifies levels 4-6 as medium","status":"passed","title":"classifies levels 4-6 as medium","duration":0.14370999999999867,"failureMessages":[],"meta":{}},{"ancestorTitles":["Agent Comparison — alert level classification"],"fullName":"Agent Comparison — alert level classification classifies levels 0-3 as low","status":"passed","title":"classifies levels 0-3 as low","duration":0.14766800000001012,"failureMessages":[],"meta":{}},{"ancestorTitles":["Agent Comparison — compliance score calculation"],"fullName":"Agent Comparison — compliance score calculation returns 0% for empty policies","status":"passed","title":"returns 0% for empty policies","duration":0.2037559999999985,"failureMessages":[],"meta":{}},{"ancestorTitles":["Agent Comparison — compliance score calculation"],"fullName":"Agent Comparison — compliance score calculation returns 100% for all pass","status":"passed","title":"returns 100% for all pass","duration":0.1564300000000003,"failureMessages":[],"meta":{}},{"ancestorTitles":["Agent Comparison — compliance score calculation"],"fullName":"Agent Comparison — compliance score calculation returns 0% for all fail","status":"passed","title":"returns 0% for all fail","duration":0.13989599999996472,"failureMessages":[],"meta":{}},{"ancestorTitles":["Agent Comparison — compliance score calculation"],"fullName":"Agent Comparison — compliance score calculation calculates correct percentage for mixed results","status":"passed","title":"calculates correct percentage for mixed results","duration":0.14117499999997563,"failureMessages":[],"meta":{}},{"ancestorTitles":["Agent Comparison — compliance score calculation"],"fullName":"Agent Comparison — compliance score calculation aggregates across multiple policies","status":"passed","title":"aggregates across multiple policies","duration":0.18233099999997648,"failureMessages":[],"meta":{}},{"ancestorTitles":["Agent Comparison — compliance score calculation"],"fullName":"Agent Comparison — compliance score calculation handles zero total gracefully","status":"passed","title":"handles zero total gracefully","duration":0.1239760000000274,"failureMessages":[],"meta":{}},{"ancestorTitles":["Agent Comparison — diff indicator logic"],"fullName":"Agent Comparison — diff indicator logic returns equal when values match","status":"passed","title":"returns equal when values match","duration":0.17519900000002053,"failureMessages":[],"meta":{}},{"ancestorTitles":["Agent Comparison — diff indicator logic"],"fullName":"Agent Comparison — diff indicator logic returns up when value > baseline (default)","status":"passed","title":"returns up when value > baseline (default)","duration":0.12694900000002463,"failureMessages":[],"meta":{}},{"ancestorTitles":["Agent Comparison — diff indicator logic"],"fullName":"Agent Comparison — diff indicator logic returns down when value < baseline (default)","status":"passed","title":"returns down when value < baseline (default)","duration":0.11458099999998694,"failureMessages":[],"meta":{}},{"ancestorTitles":["Agent Comparison — diff indicator logic"],"fullName":"Agent Comparison — diff indicator logic returns up when value < baseline (inverse=true, e.g., fewer alerts is better)","status":"passed","title":"returns up when value < baseline (inverse=true, e.g., fewer alerts is better)","duration":0.1134230000000116,"failureMessages":[],"meta":{}},{"ancestorTitles":["Agent Comparison — diff indicator logic"],"fullName":"Agent Comparison — diff indicator logic returns down when value > baseline (inverse=true)","status":"passed","title":"returns down when value > baseline (inverse=true)","duration":0.11734100000001035,"failureMessages":[],"meta":{}},{"ancestorTitles":["Agent Comparison — agent selector constraints"],"fullName":"Agent Comparison — agent selector constraints allows maximum 3 agents","status":"passed","title":"allows maximum 3 agents","duration":0.18413599999996677,"failureMessages":[],"meta":{}},{"ancestorTitles":["Agent Comparison — agent selector constraints"],"fullName":"Agent Comparison — agent selector constraints prevents duplicate agent selection","status":"passed","title":"prevents duplicate agent selection","duration":0.13072199999999157,"failureMessages":[],"meta":{}},{"ancestorTitles":["Agent Comparison — agent selector constraints"],"fullName":"Agent Comparison — agent selector constraints allows adding when under limit","status":"passed","title":"allows adding when under limit","duration":0.15847000000002254,"failureMessages":[],"meta":{}},{"ancestorTitles":["Agent Comparison — radar data structure"],"fullName":"Agent Comparison — radar data structure has exactly 5 radar metrics","status":"passed","title":"has exactly 5 radar metrics","duration":0.3866230000000428,"failureMessages":[],"meta":{}},{"ancestorTitles":["Agent Comparison — radar data structure"],"fullName":"Agent Comparison — radar data structure includes all expected dimensions","status":"passed","title":"includes all expected dimensions","duration":0.6923820000000092,"failureMessages":[],"meta":{}},{"ancestorTitles":["Route configuration for new features"],"fullName":"Route configuration for new features fleet-compare route exists","status":"passed","title":"fleet-compare route exists","duration":0.19366899999999987,"failureMessages":[],"meta":{}},{"ancestorTitles":["Route configuration for new features"],"fullName":"Route configuration for new features fleet detail route exists","status":"passed","title":"fleet detail route exists","duration":0.16119500000002063,"failureMessages":[],"meta":{}},{"ancestorTitles":["Route configuration for new features"],"fullName":"Route configuration for new features investigations route exists for pivot","status":"passed","title":"investigations route exists for pivot","duration":0.1479999999999677,"failureMessages":[],"meta":{}}],"startTime":1772840078851,"endTime":1772840078876.1936,"status":"passed","message":"","name":"/home/ubuntu/dang/server/agentDetailEnhancements.test.ts"},{"assertionResults":[{"ancestorTitles":["TriageObject schema contract"],"fullName":"TriageObject schema contract defines all required fields","status":"passed","title":"defines all required fields","duration":2.3799850000000333,"failureMessages":[],"meta":{}},{"ancestorTitles":["TriageObject schema contract"],"fullName":"TriageObject schema contract schemaVersion must be '1.0'","status":"passed","title":"schemaVersion must be '1.0'","duration":0.42245600000001104,"failureMessages":[],"meta":{}},{"ancestorTitles":["TriageObject schema contract"],"fullName":"TriageObject schema contract severity enum has exactly 5 values","status":"passed","title":"severity enum has exactly 5 values","duration":0.3331200000000081,"failureMessages":[],"meta":{}},{"ancestorTitles":["TriageObject schema contract"],"fullName":"TriageObject schema contract severity values are ordered from most to least severe","status":"passed","title":"severity values are ordered from most to least severe","duration":0.24608999999998105,"failureMessages":[],"meta":{}},{"ancestorTitles":["TriageObject schema contract"],"fullName":"TriageObject schema contract route enum has exactly 4 values","status":"passed","title":"route enum has exactly 4 values","duration":0.27120300000001407,"failureMessages":[],"meta":{}},{"ancestorTitles":["TriageObject schema contract"],"fullName":"TriageObject schema contract routes are alphabetically prefixed for sorting","status":"passed","title":"routes are alphabetically prefixed for sorting","duration":0.7881959999999708,"failureMessages":[],"meta":{}},{"ancestorTitles":["TriageObject schema contract"],"fullName":"TriageObject schema contract entity types cover all Wazuh observable categories","status":"passed","title":"entity types cover all Wazuh observable categories","duration":0.9852570000000469,"failureMessages":[],"meta":{}},{"ancestorTitles":["TriageObject schema contract"],"fullName":"TriageObject schema contract entity types has 12 categories","status":"passed","title":"entity types has 12 categories","duration":0.25496099999998023,"failureMessages":[],"meta":{}},{"ancestorTitles":["CorrelationBundle schema contract"],"fullName":"CorrelationBundle schema contract defines all required fields","status":"passed","title":"defines all required fields","duration":0.3755869999999959,"failureMessages":[],"meta":{}},{"ancestorTitles":["CorrelationBundle schema contract"],"fullName":"CorrelationBundle schema contract correlationId follows naming convention","status":"passed","title":"correlationId follows naming convention","duration":0.2958569999999554,"failureMessages":[],"meta":{}},{"ancestorTitles":["CorrelationBundle schema contract"],"fullName":"CorrelationBundle schema contract riskScore is bounded 0-100","status":"passed","title":"riskScore is bounded 0-100","duration":0.2802669999999807,"failureMessages":[],"meta":{}},{"ancestorTitles":["LivingCaseObject schema contract"],"fullName":"LivingCaseObject schema contract case status enum has 6 values","status":"passed","title":"case status enum has 6 values","duration":0.28213099999993574,"failureMessages":[],"meta":{}},{"ancestorTitles":["LivingCaseObject schema contract"],"fullName":"LivingCaseObject schema contract open is the default initial status","status":"passed","title":"open is the default initial status","duration":0.15479499999992186,"failureMessages":[],"meta":{}},{"ancestorTitles":["LivingCaseObject schema contract"],"fullName":"LivingCaseObject schema contract verdict enum has 4 values","status":"passed","title":"verdict enum has 4 values","duration":0.2823150000000396,"failureMessages":[],"meta":{}},{"ancestorTitles":["Triage severity validation"],"fullName":"Triage severity validation accepts valid severities","status":"passed","title":"accepts valid severities","duration":0.3317130000000361,"failureMessages":[],"meta":{}},{"ancestorTitles":["Triage severity validation"],"fullName":"Triage severity validation defaults to 'info' for invalid input","status":"passed","title":"defaults to 'info' for invalid input","duration":0.2682829999999967,"failureMessages":[],"meta":{}},{"ancestorTitles":["Triage route validation"],"fullName":"Triage route validation accepts valid routes","status":"passed","title":"accepts valid routes","duration":0.3253300000000081,"failureMessages":[],"meta":{}},{"ancestorTitles":["Triage route validation"],"fullName":"Triage route validation defaults to B_LOW_CONFIDENCE for invalid input","status":"passed","title":"defaults to B_LOW_CONFIDENCE for invalid input","duration":0.20729499999993095,"failureMessages":[],"meta":{}},{"ancestorTitles":["Confidence clamping"],"fullName":"Confidence clamping clamps values to 0-1 range","status":"passed","title":"clamps values to 0-1 range","duration":0.3834470000000465,"failureMessages":[],"meta":{}},{"ancestorTitles":["Confidence clamping"],"fullName":"Confidence clamping returns 0 for non-numeric input","status":"passed","title":"returns 0 for non-numeric input","duration":0.32290899999998146,"failureMessages":[],"meta":{}},{"ancestorTitles":["Confidence clamping"],"fullName":"Confidence clamping handles string numbers","status":"passed","title":"handles string numbers","duration":0.24729000000002088,"failureMessages":[],"meta":{}},{"ancestorTitles":["Alert field extraction"],"fullName":"Alert field extraction extracts alert ID","status":"passed","title":"extracts alert ID","duration":0.1704459999999699,"failureMessages":[],"meta":{}},{"ancestorTitles":["Alert field extraction"],"fullName":"Alert field extraction extracts rule ID","status":"passed","title":"extracts rule ID","duration":0.16779800000006162,"failureMessages":[],"meta":{}},{"ancestorTitles":["Alert field extraction"],"fullName":"Alert field extraction extracts rule description","status":"passed","title":"extracts rule description","duration":0.14707399999997506,"failureMessages":[],"meta":{}},{"ancestorTitles":["Alert field extraction"],"fullName":"Alert field extraction extracts rule level","status":"passed","title":"extracts rule level","duration":0.14416400000004614,"failureMessages":[],"meta":{}},{"ancestorTitles":["Alert field extraction"],"fullName":"Alert field extraction extracts timestamp","status":"passed","title":"extracts timestamp","duration":0.18312700000001314,"failureMessages":[],"meta":{}},{"ancestorTitles":["Alert field extraction"],"fullName":"Alert field extraction extracts agent info","status":"passed","title":"extracts agent info","duration":0.20637599999997747,"failureMessages":[],"meta":{}},{"ancestorTitles":["Alert field extraction"],"fullName":"Alert field extraction extracts agent OS","status":"passed","title":"extracts agent OS","duration":0.32898099999999886,"failureMessages":[],"meta":{}},{"ancestorTitles":["Alert field extraction"],"fullName":"Alert field extraction extracts agent groups","status":"passed","title":"extracts agent groups","duration":0.293692999999962,"failureMessages":[],"meta":{}},{"ancestorTitles":["Alert field extraction"],"fullName":"Alert field extraction extracts source IP from data","status":"passed","title":"extracts source IP from data","duration":0.13849499999992076,"failureMessages":[],"meta":{}},{"ancestorTitles":["Alert field extraction"],"fullName":"Alert field extraction extracts destination user from data","status":"passed","title":"extracts destination user from data","duration":0.12125000000003183,"failureMessages":[],"meta":{}},{"ancestorTitles":["Alert field extraction"],"fullName":"Alert field extraction extracts FIM file path","status":"passed","title":"extracts FIM file path","duration":0.19301099999995586,"failureMessages":[],"meta":{}},{"ancestorTitles":["Alert field extraction"],"fullName":"Alert field extraction extracts FIM hashes","status":"passed","title":"extracts FIM hashes","duration":0.16779700000006414,"failureMessages":[],"meta":{}},{"ancestorTitles":["Alert field extraction"],"fullName":"Alert field extraction extracts MITRE ATT&CK mapping from rule","status":"passed","title":"extracts MITRE ATT&CK mapping from rule","duration":0.3614430000000084,"failureMessages":[],"meta":{}},{"ancestorTitles":["Wazuh entity extraction"],"fullName":"Wazuh entity extraction extracts all entities from a full alert","status":"passed","title":"extracts all entities from a full alert","duration":0.3489069999999401,"failureMessages":[],"meta":{}},{"ancestorTitles":["Wazuh entity extraction"],"fullName":"Wazuh entity extraction all entities have confidence 1.0 (Wazuh-native)","status":"passed","title":"all entities have confidence 1.0 (Wazuh-native)","duration":0.3214340000000675,"failureMessages":[],"meta":{}},{"ancestorTitles":["Wazuh entity extraction"],"fullName":"Wazuh entity extraction all entities have source 'wazuh_alert'","status":"passed","title":"all entities have source 'wazuh_alert'","duration":0.3107840000000124,"failureMessages":[],"meta":{}},{"ancestorTitles":["Wazuh entity extraction"],"fullName":"Wazuh entity extraction handles missing fields gracefully","status":"passed","title":"handles missing fields gracefully","duration":0.20456100000001243,"failureMessages":[],"meta":{}},{"ancestorTitles":["Wazuh entity extraction"],"fullName":"Wazuh entity extraction handles partial alert","status":"passed","title":"handles partial alert","duration":0.3863660000000664,"failureMessages":[],"meta":{}},{"ancestorTitles":["MITRE ATT&CK extraction from Wazuh alerts"],"fullName":"MITRE ATT&CK extraction from Wazuh alerts extracts MITRE mappings from rule.mitre","status":"passed","title":"extracts MITRE mappings from rule.mitre","duration":0.38390100000003713,"failureMessages":[],"meta":{}},{"ancestorTitles":["MITRE ATT&CK extraction from Wazuh alerts"],"fullName":"MITRE ATT&CK extraction from Wazuh alerts returns empty array when no MITRE data","status":"passed","title":"returns empty array when no MITRE data","duration":0.3281839999999647,"failureMessages":[],"meta":{}},{"ancestorTitles":["MITRE ATT&CK extraction from Wazuh alerts"],"fullName":"MITRE ATT&CK extraction from Wazuh alerts handles mismatched array lengths","status":"passed","title":"handles mismatched array lengths","duration":0.8423880000000281,"failureMessages":[],"meta":{}},{"ancestorTitles":["Pipeline router input schemas","triageAlert input"],"fullName":"Pipeline router input schemas triageAlert input requires rawAlert as a record","status":"passed","title":"requires rawAlert as a record","duration":0.3012660000000551,"failureMessages":[],"meta":{}},{"ancestorTitles":["Pipeline router input schemas","triageAlert input"],"fullName":"Pipeline router input schemas triageAlert input alertQueueItemId is optional","status":"passed","title":"alertQueueItemId is optional","duration":0.5619580000000042,"failureMessages":[],"meta":{}},{"ancestorTitles":["Pipeline router input schemas","listTriages input"],"fullName":"Pipeline router input schemas listTriages input has sensible defaults","status":"passed","title":"has sensible defaults","duration":0.22735099999999875,"failureMessages":[],"meta":{}},{"ancestorTitles":["Pipeline router input schemas","listTriages input"],"fullName":"Pipeline router input schemas listTriages input limit is bounded 1-200","status":"passed","title":"limit is bounded 1-200","duration":0.2164380000000392,"failureMessages":[],"meta":{}},{"ancestorTitles":["Pipeline router input schemas","listTriages input"],"fullName":"Pipeline router input schemas listTriages input accepts severity filter","status":"passed","title":"accepts severity filter","duration":0.3665809999999965,"failureMessages":[],"meta":{}},{"ancestorTitles":["Pipeline router input schemas","listTriages input"],"fullName":"Pipeline router input schemas listTriages input accepts route filter","status":"passed","title":"accepts route filter","duration":0.3582659999999578,"failureMessages":[],"meta":{}},{"ancestorTitles":["Pipeline router input schemas","listTriages input"],"fullName":"Pipeline router input schemas listTriages input accepts status filter","status":"passed","title":"accepts status filter","duration":0.42009299999995164,"failureMessages":[],"meta":{}},{"ancestorTitles":["Triage result card rendering logic"],"fullName":"Triage result card rendering logic maps all severity levels to colors","status":"passed","title":"maps all severity levels to colors","duration":0.5771640000000389,"failureMessages":[],"meta":{}},{"ancestorTitles":["Triage result card rendering logic"],"fullName":"Triage result card rendering logic maps all routes to labels","status":"passed","title":"maps all routes to labels","duration":0.4255670000000009,"failureMessages":[],"meta":{}},{"ancestorTitles":["Triage result card rendering logic"],"fullName":"Triage result card rendering logic has icon mappings for all entity types","status":"passed","title":"has icon mappings for all entity types","duration":0.2253570000000309,"failureMessages":[],"meta":{}},{"ancestorTitles":["Triage ID generation"],"fullName":"Triage ID generation follows triage-{uuid} pattern","status":"passed","title":"follows triage-{uuid} pattern","duration":2.7149990000000344,"failureMessages":[],"meta":{}},{"ancestorTitles":["Triage ID generation"],"fullName":"Triage ID generation generates unique IDs","status":"passed","title":"generates unique IDs","duration":0.596779999999967,"failureMessages":[],"meta":{}},{"ancestorTitles":["Pipeline stage contracts"],"fullName":"Pipeline stage contracts Stage 1 (Triage) outputs a TriageObject","status":"passed","title":"Stage 1 (Triage) outputs a TriageObject","duration":0.2618639999999459,"failureMessages":[],"meta":{}},{"ancestorTitles":["Pipeline stage contracts"],"fullName":"Pipeline stage contracts Stage 2 (Correlation) consumes a triageId and outputs a CorrelationBundle","status":"passed","title":"Stage 2 (Correlation) consumes a triageId and outputs a CorrelationBundle","duration":0.23900299999991148,"failureMessages":[],"meta":{}},{"ancestorTitles":["Pipeline stage contracts"],"fullName":"Pipeline stage contracts Stage 3 (Hypothesis) consumes a CorrelationBundle and updates a LivingCaseObject","status":"passed","title":"Stage 3 (Hypothesis) consumes a CorrelationBundle and updates a LivingCaseObject","duration":0.26150399999994534,"failureMessages":[],"meta":{}},{"ancestorTitles":["Pipeline stage contracts"],"fullName":"Pipeline stage contracts pipeline stages are ordered: triage → correlation → hypothesis → case","status":"passed","title":"pipeline stages are ordered: triage → correlation → hypothesis → case","duration":0.29358700000000226,"failureMessages":[],"meta":{}},{"ancestorTitles":["Triage objects table schema"],"fullName":"Triage objects table schema has all required columns","status":"passed","title":"has all required columns","duration":0.3644920000000411,"failureMessages":[],"meta":{}},{"ancestorTitles":["Triage objects table schema"],"fullName":"Triage objects table schema triageId is the lookup key","status":"passed","title":"triageId is the lookup key","duration":0.1717429999999922,"failureMessages":[],"meta":{}},{"ancestorTitles":["Triage objects table schema"],"fullName":"Triage objects table schema stores full triage object as JSON in triageData","status":"passed","title":"stores full triage object as JSON in triageData","duration":0.15677699999992,"failureMessages":[],"meta":{}},{"ancestorTitles":["Triage objects table schema"],"fullName":"Triage objects table schema tracks processing status","status":"passed","title":"tracks processing status","duration":0.19983799999999974,"failureMessages":[],"meta":{}},{"ancestorTitles":["Triage objects table schema"],"fullName":"Triage objects table schema tracks latency and token usage for monitoring","status":"passed","title":"tracks latency and token usage for monitoring","duration":0.20852100000001883,"failureMessages":[],"meta":{}},{"ancestorTitles":["Correlation bundles table schema"],"fullName":"Correlation bundles table schema has all required columns","status":"passed","title":"has all required columns","duration":0.34650299999998424,"failureMessages":[],"meta":{}},{"ancestorTitles":["Correlation bundles table schema"],"fullName":"Correlation bundles table schema links back to the source triage","status":"passed","title":"links back to the source triage","duration":0.17228399999999056,"failureMessages":[],"meta":{}},{"ancestorTitles":["Fresh context per stage architecture"],"fullName":"Fresh context per stage architecture each stage gets its own system prompt","status":"passed","title":"each stage gets its own system prompt","duration":0.3501130000000785,"failureMessages":[],"meta":{}},{"ancestorTitles":["Fresh context per stage architecture"],"fullName":"Fresh context per stage architecture handoff between stages is via structured JSON, not conversation context","status":"passed","title":"handoff between stages is via structured JSON, not conversation context","duration":0.1760549999999057,"failureMessages":[],"meta":{}},{"ancestorTitles":["Fresh context per stage architecture"],"fullName":"Fresh context per stage architecture context budget is allocated per stage, not shared","status":"passed","title":"context budget is allocated per stage, not shared","duration":0.25030500000002576,"failureMessages":[],"meta":{}},{"ancestorTitles":["CorrelationBundle full schema contract"],"fullName":"CorrelationBundle full schema contract defines all 14 required sections","status":"passed","title":"defines all 14 required sections","duration":0.2001669999999649,"failureMessages":[],"meta":{}},{"ancestorTitles":["CorrelationBundle full schema contract"],"fullName":"CorrelationBundle full schema contract blastRadius contains host/user counts and agent IDs","status":"passed","title":"blastRadius contains host/user counts and agent IDs","duration":0.32214699999997265,"failureMessages":[],"meta":{}},{"ancestorTitles":["CorrelationBundle full schema contract"],"fullName":"CorrelationBundle full schema contract campaignAssessment flags coordinated attacks","status":"passed","title":"campaignAssessment flags coordinated attacks","duration":0.35521399999993264,"failureMessages":[],"meta":{}},{"ancestorTitles":["CorrelationBundle full schema contract"],"fullName":"CorrelationBundle full schema contract caseRecommendation has valid action types","status":"passed","title":"caseRecommendation has valid action types","duration":0.39374900000007074,"failureMessages":[],"meta":{}},{"ancestorTitles":["CorrelationBundle full schema contract"],"fullName":"CorrelationBundle full schema contract synthesis separates supporting and conflicting evidence","status":"passed","title":"synthesis separates supporting and conflicting evidence","duration":0.3264450000000352,"failureMessages":[],"meta":{}},{"ancestorTitles":["Analyst feedback input validation"],"fullName":"Analyst feedback input validation accepts confirm action with triageId only","status":"passed","title":"accepts confirm action with triageId only","duration":0.25347099999999045,"failureMessages":[],"meta":{}},{"ancestorTitles":["Analyst feedback input validation"],"fullName":"Analyst feedback input validation accepts override with severity change","status":"passed","title":"accepts override with severity change","duration":0.22272700000007717,"failureMessages":[],"meta":{}},{"ancestorTitles":["Analyst feedback input validation"],"fullName":"Analyst feedback input validation accepts override with route change","status":"passed","title":"accepts override with route change","duration":0.17974400000002788,"failureMessages":[],"meta":{}},{"ancestorTitles":["Analyst feedback input validation"],"fullName":"Analyst feedback input validation rejects notes longer than 4000 characters","status":"passed","title":"rejects notes longer than 4000 characters","duration":0.1492240000000038,"failureMessages":[],"meta":{}},{"ancestorTitles":["Analyst feedback input validation"],"fullName":"Analyst feedback input validation feedback includes analyst user ID and timestamp","status":"passed","title":"feedback includes analyst user ID and timestamp","duration":0.7353910000000496,"failureMessages":[],"meta":{}},{"ancestorTitles":["Auto-triage queue integration"],"fullName":"Auto-triage queue integration queue item has pipelineTriageId and autoTriageStatus fields","status":"passed","title":"queue item has pipelineTriageId and autoTriageStatus fields","duration":0.25465699999995195,"failureMessages":[],"meta":{}},{"ancestorTitles":["Auto-triage queue integration"],"fullName":"Auto-triage queue integration autoTriageStatus transitions: pending → running → completed","status":"passed","title":"autoTriageStatus transitions: pending → running → completed","duration":0.3338410000000067,"failureMessages":[],"meta":{}},{"ancestorTitles":["Auto-triage queue integration"],"fullName":"Auto-triage queue integration completed auto-triage links to triage object via pipelineTriageId","status":"passed","title":"completed auto-triage links to triage object via pipelineTriageId","duration":0.19627700000000914,"failureMessages":[],"meta":{}},{"ancestorTitles":["Auto-triage queue integration"],"fullName":"Auto-triage queue integration failed auto-triage preserves null pipelineTriageId","status":"passed","title":"failed auto-triage preserves null pipelineTriageId","duration":1.4541550000000143,"failureMessages":[],"meta":{}},{"ancestorTitles":["Auto-triage queue integration"],"fullName":"Auto-triage queue integration already-triaged items return early without re-running","status":"passed","title":"already-triaged items return early without re-running","duration":0.2132930000000215,"failureMessages":[],"meta":{}},{"ancestorTitles":["Correlation agent evidence retrieval"],"fullName":"Correlation agent evidence retrieval retrieves from 6 evidence sources","status":"passed","title":"retrieves from 6 evidence sources","duration":0.24117100000000846,"failureMessages":[],"meta":{}},{"ancestorTitles":["Correlation agent evidence retrieval"],"fullName":"Correlation agent evidence retrieval includes Wazuh alerts for entity correlation","status":"passed","title":"includes Wazuh alerts for entity correlation","duration":0.38225999999997384,"failureMessages":[],"meta":{}},{"ancestorTitles":["Correlation agent evidence retrieval"],"fullName":"Correlation agent evidence retrieval includes vulnerability context for affected hosts","status":"passed","title":"includes vulnerability context for affected hosts","duration":0.1998119999999517,"failureMessages":[],"meta":{}},{"ancestorTitles":["Correlation agent evidence retrieval"],"fullName":"Correlation agent evidence retrieval includes FIM for file change context","status":"passed","title":"includes FIM for file change context","duration":0.17099599999994552,"failureMessages":[],"meta":{}},{"ancestorTitles":["Correlation agent evidence retrieval"],"fullName":"Correlation agent evidence retrieval includes threat intelligence for IOC matching","status":"passed","title":"includes threat intelligence for IOC matching","duration":0.1605019999999513,"failureMessages":[],"meta":{}},{"ancestorTitles":["Correlation agent evidence retrieval"],"fullName":"Correlation agent evidence retrieval includes prior investigations for case merging","status":"passed","title":"includes prior investigations for case merging","duration":0.16532899999992878,"failureMessages":[],"meta":{}},{"ancestorTitles":["Correlation ID generation"],"fullName":"Correlation ID generation follows corr-{uuid} pattern","status":"passed","title":"follows corr-{uuid} pattern","duration":0.2622440000000097,"failureMessages":[],"meta":{}},{"ancestorTitles":["Correlation ID generation"],"fullName":"Correlation ID generation generates unique IDs","status":"passed","title":"generates unique IDs","duration":0.4903039999999237,"failureMessages":[],"meta":{}},{"ancestorTitles":["Pipeline router Step 2 endpoints"],"fullName":"Pipeline router Step 2 endpoints correlateFromTriage requires triageId input","status":"passed","title":"correlateFromTriage requires triageId input","duration":0.19753900000000613,"failureMessages":[],"meta":{}},{"ancestorTitles":["Pipeline router Step 2 endpoints"],"fullName":"Pipeline router Step 2 endpoints getCorrelationByTriageId returns found/not-found","status":"passed","title":"getCorrelationByTriageId returns found/not-found","duration":0.22618499999998676,"failureMessages":[],"meta":{}},{"ancestorTitles":["Pipeline router Step 2 endpoints"],"fullName":"Pipeline router Step 2 endpoints submitFeedback returns success with feedback details","status":"passed","title":"submitFeedback returns success with feedback details","duration":0.21519799999998668,"failureMessages":[],"meta":{}},{"ancestorTitles":["Pipeline router Step 2 endpoints"],"fullName":"Pipeline router Step 2 endpoints autoTriageQueueItem returns triageId on success","status":"passed","title":"autoTriageQueueItem returns triageId on success","duration":0.17069400000002588,"failureMessages":[],"meta":{}},{"ancestorTitles":["Pipeline router Step 2 endpoints"],"fullName":"Pipeline router Step 2 endpoints feedbackStats returns aggregated counts","status":"passed","title":"feedbackStats returns aggregated counts","duration":0.15048300000000836,"failureMessages":[],"meta":{}},{"ancestorTitles":["Triage to Correlation handoff"],"fullName":"Triage to Correlation handoff correlation receives triageId, not raw alert","status":"passed","title":"correlation receives triageId, not raw alert","duration":0.22183099999995193,"failureMessages":[],"meta":{}},{"ancestorTitles":["Triage to Correlation handoff"],"fullName":"Triage to Correlation handoff correlation extracts entities from triage for evidence retrieval","status":"passed","title":"correlation extracts entities from triage for evidence retrieval","duration":0.3106720000000678,"failureMessages":[],"meta":{}},{"ancestorTitles":["Triage to Correlation handoff"],"fullName":"Triage to Correlation handoff correlation preserves source triage ID for provenance","status":"passed","title":"correlation preserves source triage ID for provenance","duration":0.25440499999990607,"failureMessages":[],"meta":{}},{"ancestorTitles":["LivingCaseObject schema contract"],"fullName":"LivingCaseObject schema contract defines all required fields for LivingCaseObject","status":"passed","title":"defines all required fields for LivingCaseObject","duration":0.2009770000000799,"failureMessages":[],"meta":{}},{"ancestorTitles":["LivingCaseObject schema contract"],"fullName":"LivingCaseObject schema contract schemaVersion must be '1.0'","status":"passed","title":"schemaVersion must be '1.0'","duration":0.12038999999992939,"failureMessages":[],"meta":{}},{"ancestorTitles":["LivingCaseObject schema contract"],"fullName":"LivingCaseObject schema contract working theory has required structure","status":"passed","title":"working theory has required structure","duration":0.27012199999990116,"failureMessages":[],"meta":{}},{"ancestorTitles":["LivingCaseObject schema contract"],"fullName":"LivingCaseObject schema contract alternate theories have required structure","status":"passed","title":"alternate theories have required structure","duration":0.20274099999994633,"failureMessages":[],"meta":{}},{"ancestorTitles":["Hypothesis Agent — working theory generation"],"fullName":"Hypothesis Agent — working theory generation produces a working theory from correlation bundle data","status":"passed","title":"produces a working theory from correlation bundle data","duration":0.26519200000007004,"failureMessages":[],"meta":{}},{"ancestorTitles":["Hypothesis Agent — working theory generation"],"fullName":"Hypothesis Agent — working theory generation confidence is bounded [0, 1]","status":"passed","title":"confidence is bounded [0, 1]","duration":0.4296479999999292,"failureMessages":[],"meta":{}},{"ancestorTitles":["Hypothesis Agent — working theory generation"],"fullName":"Hypothesis Agent — working theory generation generates alternate theories with whyLessLikely reasoning","status":"passed","title":"generates alternate theories with whyLessLikely reasoning","duration":0.31323300000008203,"failureMessages":[],"meta":{}},{"ancestorTitles":["Hypothesis Agent — investigative pivots"],"fullName":"Hypothesis Agent — investigative pivots priority enum has exactly 4 values","status":"passed","title":"priority enum has exactly 4 values","duration":0.19885099999999056,"failureMessages":[],"meta":{}},{"ancestorTitles":["Hypothesis Agent — investigative pivots"],"fullName":"Hypothesis Agent — investigative pivots effort enum has exactly 3 values","status":"passed","title":"effort enum has exactly 3 values","duration":0.1856799999999339,"failureMessages":[],"meta":{}},{"ancestorTitles":["Hypothesis Agent — investigative pivots"],"fullName":"Hypothesis Agent — investigative pivots pivot has required structure","status":"passed","title":"pivot has required structure","duration":0.30887799999993604,"failureMessages":[],"meta":{}},{"ancestorTitles":["Hypothesis Agent — investigative pivots"],"fullName":"Hypothesis Agent — investigative pivots pivots are ordered by priority","status":"passed","title":"pivots are ordered by priority","duration":0.22537499999998545,"failureMessages":[],"meta":{}},{"ancestorTitles":["Hypothesis Agent — evidence gaps"],"fullName":"Hypothesis Agent — evidence gaps evidence gap has required structure","status":"passed","title":"evidence gap has required structure","duration":0.3897389999999632,"failureMessages":[],"meta":{}},{"ancestorTitles":["Hypothesis Agent — evidence gaps"],"fullName":"Hypothesis Agent — evidence gaps gaps are derived from correlation missing evidence","status":"passed","title":"gaps are derived from correlation missing evidence","duration":0.23947899999996025,"failureMessages":[],"meta":{}},{"ancestorTitles":["Hypothesis Agent — timeline reconstruction"],"fullName":"Hypothesis Agent — timeline reconstruction timeline event has required structure","status":"passed","title":"timeline event has required structure","duration":0.2744480000000067,"failureMessages":[],"meta":{}},{"ancestorTitles":["Hypothesis Agent — timeline reconstruction"],"fullName":"Hypothesis Agent — timeline reconstruction timeline events are chronologically ordered","status":"passed","title":"timeline events are chronologically ordered","duration":0.21333199999992303,"failureMessages":[],"meta":{}},{"ancestorTitles":["Hypothesis Agent — timeline reconstruction"],"fullName":"Hypothesis Agent — timeline reconstruction source enum covers all expected data sources","status":"passed","title":"source enum covers all expected data sources","duration":0.3228910000000269,"failureMessages":[],"meta":{}},{"ancestorTitles":["Hypothesis Agent — recommended actions"],"fullName":"Hypothesis Agent — recommended actions action categories are correct","status":"passed","title":"action categories are correct","duration":0.17841499999997268,"failureMessages":[],"meta":{}},{"ancestorTitles":["Hypothesis Agent — recommended actions"],"fullName":"Hypothesis Agent — recommended actions action states are correct","status":"passed","title":"action states are correct","duration":0.1678670000000011,"failureMessages":[],"meta":{}},{"ancestorTitles":["Hypothesis Agent — recommended actions"],"fullName":"Hypothesis Agent — recommended actions action has required structure","status":"passed","title":"action has required structure","duration":0.29498900000010053,"failureMessages":[],"meta":{}},{"ancestorTitles":["Hypothesis Agent — recommended actions"],"fullName":"Hypothesis Agent — recommended actions state transitions are valid","status":"passed","title":"state transitions are valid","duration":0.3532920000000104,"failureMessages":[],"meta":{}},{"ancestorTitles":["Hypothesis Agent — completed pivots"],"fullName":"Hypothesis Agent — completed pivots completed pivot has required structure","status":"passed","title":"completed pivot has required structure","duration":0.3213579999999183,"failureMessages":[],"meta":{}},{"ancestorTitles":["Hypothesis Agent — completed pivots"],"fullName":"Hypothesis Agent — completed pivots pivot recording preserves analyst input","status":"passed","title":"pivot recording preserves analyst input","duration":0.3643169999999145,"failureMessages":[],"meta":{}},{"ancestorTitles":["Hypothesis Agent — draft documentation"],"fullName":"Hypothesis Agent — draft documentation generates shift handoff summary","status":"passed","title":"generates shift handoff summary","duration":0.4751779999999144,"failureMessages":[],"meta":{}},{"ancestorTitles":["Hypothesis Agent — linked artifact tracking"],"fullName":"Hypothesis Agent — linked artifact tracking tracks linked triage IDs","status":"passed","title":"tracks linked triage IDs","duration":0.28662500000007185,"failureMessages":[],"meta":{}},{"ancestorTitles":["Hypothesis Agent — linked artifact tracking"],"fullName":"Hypothesis Agent — linked artifact tracking tracks linked correlation IDs","status":"passed","title":"tracks linked correlation IDs","duration":0.23627599999997528,"failureMessages":[],"meta":{}},{"ancestorTitles":["Hypothesis Agent — linked artifact tracking"],"fullName":"Hypothesis Agent — linked artifact tracking tracks linked alert IDs from correlation bundle","status":"passed","title":"tracks linked alert IDs from correlation bundle","duration":0.1352470000000494,"failureMessages":[],"meta":{}},{"ancestorTitles":["Hypothesis Agent — pipeline router contracts"],"fullName":"Hypothesis Agent — pipeline router contracts generateHypothesis input requires correlationId","status":"passed","title":"generateHypothesis input requires correlationId","duration":0.19065800000009858,"failureMessages":[],"meta":{}},{"ancestorTitles":["Hypothesis Agent — pipeline router contracts"],"fullName":"Hypothesis Agent — pipeline router contracts generateHypothesis output includes success, caseId, sessionId","status":"passed","title":"generateHypothesis output includes success, caseId, sessionId","duration":0.23403300000006766,"failureMessages":[],"meta":{}},{"ancestorTitles":["Hypothesis Agent — pipeline router contracts"],"fullName":"Hypothesis Agent — pipeline router contracts getLivingCaseById returns found flag and case data","status":"passed","title":"getLivingCaseById returns found flag and case data","duration":0.8267359999999826,"failureMessages":[],"meta":{}},{"ancestorTitles":["Hypothesis Agent — pipeline router contracts"],"fullName":"Hypothesis Agent — pipeline router contracts listLivingCases returns paginated results","status":"passed","title":"listLivingCases returns paginated results","duration":0.24053800000001502,"failureMessages":[],"meta":{}},{"ancestorTitles":["Hypothesis Agent — pipeline router contracts"],"fullName":"Hypothesis Agent — pipeline router contracts Direction 1: uses responseActions.approve/reject/defer/execute (not updateActionState)","status":"passed","title":"Direction 1: uses responseActions.approve/reject/defer/execute (not updateActionState)","duration":0.3807880000000523,"failureMessages":[],"meta":{}},{"ancestorTitles":["Hypothesis Agent — pipeline router contracts"],"fullName":"Hypothesis Agent — pipeline router contracts recordPivot input requires caseId, action, finding","status":"passed","title":"recordPivot input requires caseId, action, finding","duration":0.20495900000003076,"failureMessages":[],"meta":{}},{"ancestorTitles":["Hypothesis Agent — LLM prompt construction"],"fullName":"Hypothesis Agent — LLM prompt construction system prompt includes role and output format","status":"passed","title":"system prompt includes role and output format","duration":0.27711599999997816,"failureMessages":[],"meta":{}},{"ancestorTitles":["Hypothesis Agent — LLM prompt construction"],"fullName":"Hypothesis Agent — LLM prompt construction user prompt includes correlation bundle data","status":"passed","title":"user prompt includes correlation bundle data","duration":0.25924299999996947,"failureMessages":[],"meta":{}},{"ancestorTitles":["Hypothesis Agent — LLM prompt construction"],"fullName":"Hypothesis Agent — LLM prompt construction LLM response is parsed as structured JSON","status":"passed","title":"LLM response is parsed as structured JSON","duration":0.2233730000000378,"failureMessages":[],"meta":{}},{"ancestorTitles":["Hypothesis Agent — living case state persistence"],"fullName":"Hypothesis Agent — living case state persistence living_case_state table has required columns","status":"passed","title":"living_case_state table has required columns","duration":0.12864400000000842,"failureMessages":[],"meta":{}},{"ancestorTitles":["Hypothesis Agent — living case state persistence"],"fullName":"Hypothesis Agent — living case state persistence caseData column stores full LivingCaseObject as JSON","status":"passed","title":"caseData column stores full LivingCaseObject as JSON","duration":0.21709199999997963,"failureMessages":[],"meta":{}},{"ancestorTitles":["Hypothesis Agent — living case state persistence"],"fullName":"Hypothesis Agent — living case state persistence denormalized fields are extracted from caseData for querying","status":"passed","title":"denormalized fields are extracted from caseData for querying","duration":0.30528500000002623,"failureMessages":[],"meta":{}},{"ancestorTitles":["Hypothesis Agent — action state management"],"fullName":"Hypothesis Agent — action state management updates action state in caseData","status":"passed","title":"updates action state in caseData","duration":0.16191700000001674,"failureMessages":[],"meta":{}},{"ancestorTitles":["Hypothesis Agent — action state management"],"fullName":"Hypothesis Agent — action state management recalculates denormalized counts after state change","status":"passed","title":"recalculates denormalized counts after state change","duration":0.17516999999998006,"failureMessages":[],"meta":{}},{"ancestorTitles":["Hypothesis Agent — pivot recording"],"fullName":"Hypothesis Agent — pivot recording appends pivot to completedPivots array","status":"passed","title":"appends pivot to completedPivots array","duration":0.2745840000000044,"failureMessages":[],"meta":{}},{"ancestorTitles":["Hypothesis Agent — pivot recording"],"fullName":"Hypothesis Agent — pivot recording recalculates completedPivotCount after recording","status":"passed","title":"recalculates completedPivotCount after recording","duration":0.14814699999999448,"failureMessages":[],"meta":{}},{"ancestorTitles":["Hypothesis Agent — end-to-end pipeline flow"],"fullName":"Hypothesis Agent — end-to-end pipeline flow Step 3 consumes Step 2 output (CorrelationBundle)","status":"passed","title":"Step 3 consumes Step 2 output (CorrelationBundle)","duration":0.1999430000000757,"failureMessages":[],"meta":{}},{"ancestorTitles":["Hypothesis Agent — end-to-end pipeline flow"],"fullName":"Hypothesis Agent — end-to-end pipeline flow Step 3 produces LivingCaseObject with all required sections","status":"passed","title":"Step 3 produces LivingCaseObject with all required sections","duration":0.4212880000000041,"failureMessages":[],"meta":{}},{"ancestorTitles":["Hypothesis Agent — end-to-end pipeline flow"],"fullName":"Hypothesis Agent — end-to-end pipeline flow pipeline chain: TriageObject → CorrelationBundle → LivingCaseObject","status":"passed","title":"pipeline chain: TriageObject → CorrelationBundle → LivingCaseObject","duration":0.2772969999999759,"failureMessages":[],"meta":{}}],"startTime":1772840077089,"endTime":1772840077145.4214,"status":"passed","message":"","name":"/home/ubuntu/dang/server/agenticPipeline.test.ts"},{"assertionResults":[{"ancestorTitles":["Task 2: Agent Pivot Links","AlertsTimeline.tsx"],"fullName":"Task 2: Agent Pivot Links AlertsTimeline.tsx imports useLocation from wouter","status":"passed","title":"imports useLocation from wouter","duration":1.5816619999999944,"failureMessages":[],"meta":{}},{"ancestorTitles":["Task 2: Agent Pivot Links","AlertsTimeline.tsx"],"fullName":"Task 2: Agent Pivot Links AlertsTimeline.tsx has navigate function from useLocation","status":"passed","title":"has navigate function from useLocation","duration":0.35462400000000116,"failureMessages":[],"meta":{}},{"ancestorTitles":["Task 2: Agent Pivot Links","AlertsTimeline.tsx"],"fullName":"Task 2: Agent Pivot Links AlertsTimeline.tsx navigates to /fleet/:agentId on agent click in table","status":"passed","title":"navigates to /fleet/:agentId on agent click in table","duration":0.2966469999999788,"failureMessages":[],"meta":{}},{"ancestorTitles":["Task 2: Agent Pivot Links","AlertsTimeline.tsx"],"fullName":"Task 2: Agent Pivot Links AlertsTimeline.tsx has cursor-pointer styling on agent cells","status":"passed","title":"has cursor-pointer styling on agent cells","duration":0.3239300000000185,"failureMessages":[],"meta":{}},{"ancestorTitles":["Task 2: Agent Pivot Links","Vulnerabilities.tsx"],"fullName":"Task 2: Agent Pivot Links Vulnerabilities.tsx imports useLocation from wouter","status":"passed","title":"imports useLocation from wouter","duration":0.34237699999999904,"failureMessages":[],"meta":{}},{"ancestorTitles":["Task 2: Agent Pivot Links","Vulnerabilities.tsx"],"fullName":"Task 2: Agent Pivot Links Vulnerabilities.tsx has navigate function from useLocation","status":"passed","title":"has navigate function from useLocation","duration":0.277575000000013,"failureMessages":[],"meta":{}},{"ancestorTitles":["Task 2: Agent Pivot Links","Vulnerabilities.tsx"],"fullName":"Task 2: Agent Pivot Links Vulnerabilities.tsx navigates to /fleet/:agentId on agent click","status":"passed","title":"navigates to /fleet/:agentId on agent click","duration":0.23197600000000307,"failureMessages":[],"meta":{}},{"ancestorTitles":["Task 3: Saved Searches on 3 Pages","SavedSearchPanel component"],"fullName":"Task 3: Saved Searches on 3 Pages SavedSearchPanel component exists and exports SavedSearchPanel","status":"passed","title":"exists and exports SavedSearchPanel","duration":0.2691400000000215,"failureMessages":[],"meta":{}},{"ancestorTitles":["Task 3: Saved Searches on 3 Pages","SavedSearchPanel component"],"fullName":"Task 3: Saved Searches on 3 Pages SavedSearchPanel component uses trpc.savedSearches.list.useQuery","status":"passed","title":"uses trpc.savedSearches.list.useQuery","duration":0.3381090000000029,"failureMessages":[],"meta":{}},{"ancestorTitles":["Task 3: Saved Searches on 3 Pages","SavedSearchPanel component"],"fullName":"Task 3: Saved Searches on 3 Pages SavedSearchPanel component uses trpc.savedSearches.create.useMutation","status":"passed","title":"uses trpc.savedSearches.create.useMutation","duration":0.23531500000001415,"failureMessages":[],"meta":{}},{"ancestorTitles":["Task 3: Saved Searches on 3 Pages","SavedSearchPanel component"],"fullName":"Task 3: Saved Searches on 3 Pages SavedSearchPanel component uses trpc.savedSearches.delete.useMutation","status":"passed","title":"uses trpc.savedSearches.delete.useMutation","duration":0.18950699999999188,"failureMessages":[],"meta":{}},{"ancestorTitles":["Task 3: Saved Searches on 3 Pages","SavedSearchPanel component"],"fullName":"Task 3: Saved Searches on 3 Pages SavedSearchPanel component accepts typed searchType prop (derived from shared constant)","status":"passed","title":"accepts typed searchType prop (derived from shared constant)","duration":0.26851400000001036,"failureMessages":[],"meta":{}},{"ancestorTitles":["Task 3: Saved Searches on 3 Pages","AlertsTimeline.tsx"],"fullName":"Task 3: Saved Searches on 3 Pages AlertsTimeline.tsx imports SavedSearchPanel","status":"passed","title":"imports SavedSearchPanel","duration":0.2172559999999919,"failureMessages":[],"meta":{}},{"ancestorTitles":["Task 3: Saved Searches on 3 Pages","AlertsTimeline.tsx"],"fullName":"Task 3: Saved Searches on 3 Pages AlertsTimeline.tsx renders SavedSearchPanel with searchType='alerts'","status":"passed","title":"renders SavedSearchPanel with searchType='alerts'","duration":0.22843800000001124,"failureMessages":[],"meta":{}},{"ancestorTitles":["Task 3: Saved Searches on 3 Pages","AlertsTimeline.tsx"],"fullName":"Task 3: Saved Searches on 3 Pages AlertsTimeline.tsx provides getCurrentFilters callback","status":"passed","title":"provides getCurrentFilters callback","duration":0.17636099999998578,"failureMessages":[],"meta":{}},{"ancestorTitles":["Task 3: Saved Searches on 3 Pages","AlertsTimeline.tsx"],"fullName":"Task 3: Saved Searches on 3 Pages AlertsTimeline.tsx provides onLoadSearch callback","status":"passed","title":"provides onLoadSearch callback","duration":0.17544099999997798,"failureMessages":[],"meta":{}},{"ancestorTitles":["Task 3: Saved Searches on 3 Pages","Vulnerabilities.tsx"],"fullName":"Task 3: Saved Searches on 3 Pages Vulnerabilities.tsx imports SavedSearchPanel","status":"passed","title":"imports SavedSearchPanel","duration":0.1680690000000027,"failureMessages":[],"meta":{}},{"ancestorTitles":["Task 3: Saved Searches on 3 Pages","Vulnerabilities.tsx"],"fullName":"Task 3: Saved Searches on 3 Pages Vulnerabilities.tsx renders SavedSearchPanel with searchType='vulnerabilities'","status":"passed","title":"renders SavedSearchPanel with searchType='vulnerabilities'","duration":0.17072900000002278,"failureMessages":[],"meta":{}},{"ancestorTitles":["Task 3: Saved Searches on 3 Pages","AgentHealth.tsx"],"fullName":"Task 3: Saved Searches on 3 Pages AgentHealth.tsx imports SavedSearchPanel","status":"passed","title":"imports SavedSearchPanel","duration":0.25772799999998597,"failureMessages":[],"meta":{}},{"ancestorTitles":["Task 3: Saved Searches on 3 Pages","AgentHealth.tsx"],"fullName":"Task 3: Saved Searches on 3 Pages AgentHealth.tsx renders SavedSearchPanel with searchType='fleet'","status":"passed","title":"renders SavedSearchPanel with searchType='fleet'","duration":0.19492499999998358,"failureMessages":[],"meta":{}},{"ancestorTitles":["Task 3: Saved Searches on 3 Pages","Schema enum — shared constant"],"fullName":"Task 3: Saved Searches on 3 Pages Schema enum — shared constant schema imports SAVED_SEARCH_TYPES from shared constant","status":"passed","title":"schema imports SAVED_SEARCH_TYPES from shared constant","duration":0.2814339999999902,"failureMessages":[],"meta":{}},{"ancestorTitles":["Task 3: Saved Searches on 3 Pages","Schema enum — shared constant"],"fullName":"Task 3: Saved Searches on 3 Pages Schema enum — shared constant schema uses spread of SAVED_SEARCH_TYPES for enum","status":"passed","title":"schema uses spread of SAVED_SEARCH_TYPES for enum","duration":0.35561299999997686,"failureMessages":[],"meta":{}},{"ancestorTitles":["Task 3: Saved Searches on 3 Pages","Schema enum — shared constant"],"fullName":"Task 3: Saved Searches on 3 Pages Schema enum — shared constant shared constant includes all 5 search types","status":"passed","title":"shared constant includes all 5 search types","duration":0.4970560000000148,"failureMessages":[],"meta":{}},{"ancestorTitles":["Task 4: CSV Export Buttons","RulesetExplorer.tsx — decoderParents"],"fullName":"Task 4: CSV Export Buttons RulesetExplorer.tsx — decoderParents imports ExportButton","status":"passed","title":"imports ExportButton","duration":2.279658999999981,"failureMessages":[],"meta":{}},{"ancestorTitles":["Task 4: CSV Export Buttons","RulesetExplorer.tsx — decoderParents"],"fullName":"Task 4: CSV Export Buttons RulesetExplorer.tsx — decoderParents has ExportButton with baseName='decoder-parents'","status":"passed","title":"has ExportButton with baseName='decoder-parents'","duration":0.22818399999999883,"failureMessages":[],"meta":{}},{"ancestorTitles":["Task 4: CSV Export Buttons","RulesetExplorer.tsx — decoderParents"],"fullName":"Task 4: CSV Export Buttons RulesetExplorer.tsx — decoderParents has column definitions for decoder parents export","status":"passed","title":"has column definitions for decoder parents export","duration":0.2906639999999925,"failureMessages":[],"meta":{}},{"ancestorTitles":["Task 4: CSV Export Buttons","RulesetExplorer.tsx — rulesByRequirement"],"fullName":"Task 4: CSV Export Buttons RulesetExplorer.tsx — rulesByRequirement has ExportButton with baseName='rules-by-requirement'","status":"passed","title":"has ExportButton with baseName='rules-by-requirement'","duration":0.24374599999998736,"failureMessages":[],"meta":{}},{"ancestorTitles":["Task 4: CSV Export Buttons","RulesetExplorer.tsx — rulesByRequirement"],"fullName":"Task 4: CSV Export Buttons RulesetExplorer.tsx — rulesByRequirement passes activeRequirement as context","status":"passed","title":"passes activeRequirement as context","duration":0.1865980000000036,"failureMessages":[],"meta":{}},{"ancestorTitles":["Task 4: CSV Export Buttons","RulesetExplorer.tsx — rulesByRequirement"],"fullName":"Task 4: CSV Export Buttons RulesetExplorer.tsx — rulesByRequirement has column definitions for rules export","status":"passed","title":"has column definitions for rules export","duration":0.24628700000002368,"failureMessages":[],"meta":{}},{"ancestorTitles":["Task 4: CSV Export Buttons","AgentDetail.tsx — CIS-CAT results"],"fullName":"Task 4: CSV Export Buttons AgentDetail.tsx — CIS-CAT results imports ExportButton","status":"passed","title":"imports ExportButton","duration":0.2391680000000065,"failureMessages":[],"meta":{}},{"ancestorTitles":["Task 4: CSV Export Buttons","AgentDetail.tsx — CIS-CAT results"],"fullName":"Task 4: CSV Export Buttons AgentDetail.tsx — CIS-CAT results has ExportButton with baseName='ciscat-results'","status":"passed","title":"has ExportButton with baseName='ciscat-results'","duration":0.2113909999999919,"failureMessages":[],"meta":{}},{"ancestorTitles":["Task 4: CSV Export Buttons","AgentDetail.tsx — CIS-CAT results"],"fullName":"Task 4: CSV Export Buttons AgentDetail.tsx — CIS-CAT results has column definitions for CIS-CAT export","status":"passed","title":"has column definitions for CIS-CAT export","duration":0.3711089999999899,"failureMessages":[],"meta":{}},{"ancestorTitles":["Task 4: CSV Export Buttons","AgentDetail.tsx — CIS-CAT results"],"fullName":"Task 4: CSV Export Buttons AgentDetail.tsx — CIS-CAT results passes agent context to export","status":"passed","title":"passes agent context to export","duration":0.24099300000000312,"failureMessages":[],"meta":{}},{"ancestorTitles":["Task 4: CSV Export Buttons","AgentHealth.tsx — upgrade results"],"fullName":"Task 4: CSV Export Buttons AgentHealth.tsx — upgrade results imports ExportButton","status":"passed","title":"imports ExportButton","duration":0.184201999999
[...]
,"name":"/home/ubuntu/dang/server/wazuh/uiWiring.test.ts"},{"assertionResults":[{"ancestorTitles":["Wazuh Connection Secrets"],"fullName":"Wazuh Connection Secrets should have WAZUH_HOST set to 192.168.50.158","status":"passed","title":"should have WAZUH_HOST set to 192.168.50.158","duration":1.634428000000014,"failureMessages":[],"meta":{}},{"ancestorTitles":["Wazuh Connection Secrets"],"fullName":"Wazuh Connection Secrets should have WAZUH_PORT set to 55000","status":"passed","title":"should have WAZUH_PORT set to 55000","duration":0.3393220000000099,"failureMessages":[],"meta":{}},{"ancestorTitles":["Wazuh Connection Secrets"],"fullName":"Wazuh Connection Secrets should have WAZUH_USER set to wazuh-wui","status":"passed","title":"should have WAZUH_USER set to wazuh-wui","duration":0.26281900000000746,"failureMessages":[],"meta":{}},{"ancestorTitles":["Wazuh Connection Secrets"],"fullName":"Wazuh Connection Secrets should have WAZUH_PASS set (non-empty)","status":"passed","title":"should have WAZUH_PASS set (non-empty)","duration":0.36211900000000696,"failureMessages":[],"meta":{}},{"ancestorTitles":["Wazuh Connection Secrets"],"fullName":"Wazuh Connection Secrets should have WAZUH_INDEXER_HOST set (non-empty)","status":"passed","title":"should have WAZUH_INDEXER_HOST set (non-empty)","duration":0.1845220000000154,"failureMessages":[],"meta":{}},{"ancestorTitles":["Wazuh Connection Secrets"],"fullName":"Wazuh Connection Secrets should have WAZUH_INDEXER_PORT set to 9200","status":"passed","title":"should have WAZUH_INDEXER_PORT set to 9200","duration":0.24980600000000663,"failureMessages":[],"meta":{}},{"ancestorTitles":["Wazuh Connection Secrets"],"fullName":"Wazuh Connection Secrets should have WAZUH_INDEXER_USER set to admin","status":"passed","title":"should have WAZUH_INDEXER_USER set to admin","duration":0.18115199999999732,"failureMessages":[],"meta":{}},{"ancestorTitles":["Wazuh Connection Secrets"],"fullName":"Wazuh Connection Secrets should have WAZUH_INDEXER_PASS set (non-empty)","status":"passed","title":"should have WAZUH_INDEXER_PASS set (non-empty)","duration":0.2298889999999858,"failureMessages":[],"meta":{}}],"startTime":1772840096829,"endTime":1772840096832.2498,"status":"passed","message":"","name":"/home/ubuntu/dang/server/wazuh/wazuhConnection.test.ts"},{"assertionResults":[{"ancestorTitles":["Wazuh Credential Validation"],"fullName":"Wazuh Credential Validation should have Wazuh Manager credentials configured","status":"passed","title":"should have Wazuh Manager credentials configured","duration":1.9578639999999723,"failureMessages":[],"meta":{}},{"ancestorTitles":["Wazuh Credential Validation"],"fullName":"Wazuh Credential Validation should have Wazuh Indexer credentials configured","status":"passed","title":"should have Wazuh Indexer credentials configured","duration":0.6682059999999979,"failureMessages":[],"meta":{}},{"ancestorTitles":["Wazuh Credential Validation"],"fullName":"Wazuh Credential Validation should attempt to connect to Wazuh Manager API","status":"passed","title":"should attempt to connect to Wazuh Manager API","duration":5003.88981,"failureMessages":[],"meta":{}},{"ancestorTitles":["Wazuh Credential Validation"],"fullName":"Wazuh Credential Validation should attempt to connect to Wazuh Indexer","status":"passed","title":"should attempt to connect to Wazuh Indexer","duration":17.302212999999938,"failureMessages":[],"meta":{}}],"startTime":1772840094587,"endTime":1772840099610.3022,"status":"passed","message":"","name":"/home/ubuntu/dang/server/wazuh/wazuhConnectivity.test.ts"},{"assertionResults":[{"ancestorTitles":["wazuh router"],"fullName":"wazuh router status returns configured: true when Wazuh is configured","status":"passed","title":"status returns configured: true when Wazuh is configured","duration":5.845009000000118,"failureMessages":[],"meta":{}},{"ancestorTitles":["wazuh router"],"fullName":"wazuh router isConfigured returns a result with configured property","status":"passed","title":"isConfigured returns a result with configured property","duration":1.3406139999999596,"failureMessages":[],"meta":{}},{"ancestorTitles":["wazuh router"],"fullName":"wazuh router agents endpoint exists and returns data structure","status":"passed","title":"agents endpoint exists and returns data structure","duration":3.671184999999923,"failureMessages":[],"meta":{}},{"ancestorTitles":["wazuh router"],"fullName":"wazuh router managerLogs endpoint exists and returns data structure","status":"passed","title":"managerLogs endpoint exists and returns data structure","duration":1.6934009999999944,"failureMessages":[],"meta":{}},{"ancestorTitles":["wazuh router"],"fullName":"wazuh router managerStatus endpoint exists","status":"passed","title":"managerStatus endpoint exists","duration":1.0974409999998898,"failureMessages":[],"meta":{}},{"ancestorTitles":["wazuh router"],"fullName":"wazuh router managerInfo endpoint exists","status":"passed","title":"managerInfo endpoint exists","duration":0.8978899999999612,"failureMessages":[],"meta":{}},{"ancestorTitles":["wazuh router"],"fullName":"wazuh router managerStats endpoint exists","status":"passed","title":"managerStats endpoint exists","duration":0.8267330000001039,"failureMessages":[],"meta":{}},{"ancestorTitles":["wazuh router"],"fullName":"wazuh router statsHourly endpoint exists","status":"passed","title":"statsHourly endpoint exists","duration":0.8214579999998932,"failureMessages":[],"meta":{}},{"ancestorTitles":["wazuh router"],"fullName":"wazuh router clusterStatus endpoint exists","status":"passed","title":"clusterStatus endpoint exists","duration":1.1070230000000265,"failureMessages":[],"meta":{}},{"ancestorTitles":["wazuh router"],"fullName":"wazuh router clusterNodes endpoint exists","status":"passed","title":"clusterNodes endpoint exists","duration":1.1957859999999982,"failureMessages":[],"meta":{}},{"ancestorTitles":["wazuh router"],"fullName":"wazuh router scaPolicies endpoint requires agentId","status":"passed","title":"scaPolicies endpoint requires agentId","duration":1.668922000000066,"failureMessages":[],"meta":{}},{"ancestorTitles":["wazuh router"],"fullName":"wazuh router scaChecks endpoint requires agentId and policyId","status":"passed","title":"scaChecks endpoint requires agentId and policyId","duration":1.3902250000001004,"failureMessages":[],"meta":{}},{"ancestorTitles":["wazuh router"],"fullName":"wazuh router syscheckFiles endpoint requires agentId","status":"passed","title":"syscheckFiles endpoint requires agentId","duration":1.1730629999999564,"failureMessages":[],"meta":{}},{"ancestorTitles":["wazuh router"],"fullName":"wazuh router syscheckLastScan endpoint requires agentId","status":"passed","title":"syscheckLastScan endpoint requires agentId","duration":0.8970440000000508,"failureMessages":[],"meta":{}},{"ancestorTitles":["wazuh router"],"fullName":"wazuh router daemonStats endpoint requires daemons array","status":"passed","title":"daemonStats endpoint requires daemons array","duration":1.088130000000092,"failureMessages":[],"meta":{}},{"ancestorTitles":["wazuh router"],"fullName":"wazuh router syscollectorPackages endpoint requires agentId","status":"passed","title":"syscollectorPackages endpoint requires agentId","duration":1.3063509999999496,"failureMessages":[],"meta":{}},{"ancestorTitles":["wazuh router"],"fullName":"wazuh router syscollectorPorts endpoint requires agentId","status":"passed","title":"syscollectorPorts endpoint requires agentId","duration":1.3030820000001313,"failureMessages":[],"meta":{}},{"ancestorTitles":["wazuh router"],"fullName":"wazuh router syscollectorProcesses endpoint requires agentId","status":"passed","title":"syscollectorProcesses endpoint requires agentId","duration":1.1395880000000034,"failureMessages":[],"meta":{}},{"ancestorTitles":["wazuh router"],"fullName":"wazuh router agentOs endpoint requires agentId","status":"passed","title":"agentOs endpoint requires agentId","duration":0.8391129999999976,"failureMessages":[],"meta":{}},{"ancestorTitles":["wazuh router"],"fullName":"wazuh router agentHardware endpoint requires agentId","status":"passed","title":"agentHardware endpoint requires agentId","duration":0.8063220000001365,"failureMessages":[],"meta":{}},{"ancestorTitles":["wazuh router"],"fullName":"wazuh router agentNetaddr endpoint requires agentId","status":"passed","title":"agentNetaddr endpoint requires agentId","duration":0.9727860000000419,"failureMessages":[],"meta":{}},{"ancestorTitles":["wazuh router"],"fullName":"wazuh router mitreMetadata endpoint exists","status":"passed","title":"mitreMetadata endpoint exists","duration":0.7415180000000419,"failureMessages":[],"meta":{}},{"ancestorTitles":["wazuh router"],"fullName":"wazuh router mitreTechniques endpoint exists","status":"passed","title":"mitreTechniques endpoint exists","duration":1.146284999999807,"failureMessages":[],"meta":{}},{"ancestorTitles":["wazuh router"],"fullName":"wazuh router mitreTactics endpoint exists","status":"passed","title":"mitreTactics endpoint exists","duration":0.8255589999998847,"failureMessages":[],"meta":{}},{"ancestorTitles":["wazuh router"],"fullName":"wazuh router agentBrowserExtensions endpoint returns data with fallback","status":"passed","title":"agentBrowserExtensions endpoint returns data with fallback","duration":1.4467070000002877,"failureMessages":[],"meta":{}},{"ancestorTitles":["wazuh router"],"fullName":"wazuh router agentServices endpoint returns data with fallback","status":"passed","title":"agentServices endpoint returns data with fallback","duration":1.2329420000000937,"failureMessages":[],"meta":{}},{"ancestorTitles":["wazuh router"],"fullName":"wazuh router agentUsers endpoint returns data with fallback","status":"passed","title":"agentUsers endpoint returns data with fallback","duration":1.8116600000003018,"failureMessages":[],"meta":{}},{"ancestorTitles":["wazuh router"],"fullName":"wazuh router agentGroups2 endpoint returns data with fallback","status":"passed","title":"agentGroups2 endpoint returns data with fallback","duration":2.8482429999999113,"failureMessages":[],"meta":{}},{"ancestorTitles":["wazuh router","P2: agentsSummary"],"fullName":"wazuh router P2: agentsSummary calls GET /agents/summary with no params","status":"passed","title":"calls GET /agents/summary with no params","duration":0.7904630000002726,"failureMessages":[],"meta":{}},{"ancestorTitles":["wazuh router","P2: agentsSummary"],"fullName":"wazuh router P2: agentsSummary calls GET /agents/summary with agents_list filter","status":"passed","title":"calls GET /agents/summary with agents_list filter","duration":4.327825999999732,"failureMessages":[],"meta":{}},{"ancestorTitles":["wazuh router","P2: agentsSummary"],"fullName":"wazuh router P2: agentsSummary calls GET /agents/summary with agents_list as array","status":"passed","title":"calls GET /agents/summary with agents_list as array","duration":1.0278450000000703,"failureMessages":[],"meta":{}},{"ancestorTitles":["wazuh router","P2: managerVersionCheck"],"fullName":"wazuh router P2: managerVersionCheck calls GET /manager/version/check with no params","status":"passed","title":"calls GET /manager/version/check with no params","duration":0.658104000000094,"failureMessages":[],"meta":{}},{"ancestorTitles":["wazuh router","P2: managerVersionCheck"],"fullName":"wazuh router P2: managerVersionCheck calls GET /manager/version/check with force_query=true","status":"passed","title":"calls GET /manager/version/check with force_query=true","duration":0.7161619999997129,"failureMessages":[],"meta":{}},{"ancestorTitles":["wazuh router","P2: managerComponentConfig"],"fullName":"wazuh router P2: managerComponentConfig calls GET /manager/configuration/{component}/{configuration}","status":"passed","title":"calls GET /manager/configuration/{component}/{configuration}","duration":0.6557219999999688,"failureMessages":[],"meta":{}},{"ancestorTitles":["wazuh router","P2: managerComponentConfig"],"fullName":"wazuh router P2: managerComponentConfig calls with different component/configuration pairs","status":"passed","title":"calls with different component/configuration pairs","duration":0.462322000000313,"failureMessages":[],"meta":{}},{"ancestorTitles":["wazuh router","P2: managerComponentConfig"],"fullName":"wazuh router P2: managerComponentConfig rejects missing component","status":"passed","title":"rejects missing component","duration":5.238930999999866,"failureMessages":[],"meta":{}},{"ancestorTitles":["wazuh router","P2: managerComponentConfig"],"fullName":"wazuh router P2: managerComponentConfig rejects missing configuration","status":"passed","title":"rejects missing configuration","duration":0.9424370000001545,"failureMessages":[],"meta":{}},{"ancestorTitles":["wazuh router","P2: securityConfig"],"fullName":"wazuh router P2: securityConfig calls GET /security/config","status":"passed","title":"calls GET /security/config","duration":0.5997160000001713,"failureMessages":[],"meta":{}},{"ancestorTitles":["wazuh router","P2: securityCurrentUser"],"fullName":"wazuh router P2: securityCurrentUser calls GET /security/users/me","status":"passed","title":"calls GET /security/users/me","duration":0.7599549999999908,"failureMessages":[],"meta":{}},{"ancestorTitles":["wazuh router auth gating"],"fullName":"wazuh router auth gating rejects unauthenticated access to wazuh.status","status":"passed","title":"rejects unauthenticated access to wazuh.status","duration":0.7192369999997936,"failureMessages":[],"meta":{}},{"ancestorTitles":["wazuh router auth gating"],"fullName":"wazuh router auth gating rejects unauthenticated access to wazuh.agents","status":"passed","title":"rejects unauthenticated access to wazuh.agents","duration":0.5657940000000963,"failureMessages":[],"meta":{}},{"ancestorTitles":["wazuh router auth gating"],"fullName":"wazuh router auth gating rejects unauthenticated access to wazuh.managerInfo","status":"passed","title":"rejects unauthenticated access to wazuh.managerInfo","duration":3.32879899999989,"failureMessages":[],"meta":{}},{"ancestorTitles":["wazuh router auth gating"],"fullName":"wazuh router auth gating rejects unauthenticated access to wazuh.securityCurrentUser","status":"passed","title":"rejects unauthenticated access to wazuh.securityCurrentUser","duration":5.31339700000035,"failureMessages":[],"meta":{}},{"ancestorTitles":["wazuh router auth gating"],"fullName":"wazuh router auth gating rejects unauthenticated access to wazuh.securityRbacRules","status":"passed","title":"rejects unauthenticated access to wazuh.securityRbacRules","duration":1.024427000000287,"failureMessages":[],"meta":{}},{"ancestorTitles":["wazuh router auth gating"],"fullName":"wazuh router auth gating rejects unauthenticated access to wazuh.securityActions","status":"passed","title":"rejects unauthenticated access to wazuh.securityActions","duration":0.6867149999998219,"failureMessages":[],"meta":{}},{"ancestorTitles":["wazuh router auth gating"],"fullName":"wazuh router auth gating rejects unauthenticated access to wazuh.securityResources","status":"passed","title":"rejects unauthenticated access to wazuh.securityResources","duration":1.1007629999999153,"failureMessages":[],"meta":{}},{"ancestorTitles":["wazuh router auth gating"],"fullName":"wazuh router auth gating rejects unauthenticated access to wazuh.securityCurrentUserPolicies","status":"passed","title":"rejects unauthenticated access to wazuh.securityCurrentUserPolicies","duration":0.618652000000111,"failureMessages":[],"meta":{}}],"startTime":1772840083370,"endTime":1772840083445.6187,"status":"passed","message":"","name":"/home/ubuntu/dang/server/wazuh/wazuhRouter.test.ts"},{"assertionResults":[{"ancestorTitles":["Wazuh API Spec v4.14.3 — Full Coverage Endpoints","syscollector/netproto endpoint"],"fullName":"Wazuh API Spec v4.14.3 — Full Coverage Endpoints syscollector/netproto endpoint should have agentNetproto procedure defined","status":"passed","title":"should have agentNetproto procedure defined","duration":319.3791140000001,"failureMessages":[],"meta":{}},{"ancestorTitles":["Wazuh API Spec v4.14.3 — Full Coverage Endpoints","decoders/parents endpoint"],"fullName":"Wazuh API Spec v4.14.3 — Full Coverage Endpoints decoders/parents endpoint should have decoderParents procedure defined","status":"passed","title":"should have decoderParents procedure defined","duration":1.1743280000000595,"failureMessages":[],"meta":{}},{"ancestorTitles":["Wazuh API Spec v4.14.3 — Full Coverage Endpoints","rules/files/{filename} endpoint"],"fullName":"Wazuh API Spec v4.14.3 — Full Coverage Endpoints rules/files/{filename} endpoint should have ruleFileContent procedure defined","status":"passed","title":"should have ruleFileContent procedure defined","duration":0.5808219999998983,"failureMessages":[],"meta":{}},{"ancestorTitles":["Wazuh API Spec v4.14.3 — Full Coverage Endpoints","decoders/files/{filename} endpoint"],"fullName":"Wazuh API Spec v4.14.3 — Full Coverage Endpoints decoders/files/{filename} endpoint should have decoderFileContent procedure defined","status":"passed","title":"should have decoderFileContent procedure defined","duration":0.7462209999999914,"failureMessages":[],"meta":{}},{"ancestorTitles":["Wazuh API Spec v4.14.3 — Full Coverage Endpoints","agents/outdated endpoint"],"fullName":"Wazuh API Spec v4.14.3 — Full Coverage Endpoints agents/outdated endpoint should have agentsOutdated procedure defined","status":"passed","title":"should have agentsOutdated procedure defined","duration":0.655742000000032,"failureMessages":[],"meta":{}},{"ancestorTitles":["Wazuh API Spec v4.14.3 — Full Coverage Endpoints","agents/no_group endpoint"],"fullName":"Wazuh API Spec v4.14.3 — Full Coverage Endpoints agents/no_group endpoint should have agentsNoGroup procedure defined","status":"passed","title":"should have agentsNoGroup procedure defined","duration":0.42446000000006734,"failureMessages":[],"meta":{}},{"ancestorTitles":["Wazuh API Spec v4.14.3 — Full Coverage Endpoints","agents/stats/distinct endpoint"],"fullName":"Wazuh API Spec v4.14.3 — Full Coverage Endpoints agents/stats/distinct endpoint should have agentStatsDistinct procedure defined","status":"passed","title":"should have agentStatsDistinct procedure defined","duration":0.3609470000000101,"failureMessages":[],"meta":{}},{"ancestorTitles":["Wazuh API Spec v4.14.3 — Full Coverage Endpoints","groups/{group_id}/configuration endpoint"],"fullName":"Wazuh API Spec v4.14.3 — Full Coverage Endpoints groups/{group_id}/configuration endpoint should have groupConfiguration procedure defined","status":"passed","title":"should have groupConfiguration procedure defined","duration":0.3354349999999613,"failureMessages":[],"meta":{}},{"ancestorTitles":["Wazuh API Spec v4.14.3 — Full Coverage Endpoints","core endpoint coverage"],"fullName":"Wazuh API Spec v4.14.3 — Full Coverage Endpoints core endpoint coverage should have all essential read-only endpoints","status":"passed","title":"should have all essential read-only endpoints","duration":2.3714969999999767,"failureMessages":[],"meta":{}},{"ancestorTitles":["Wazuh API Spec v4.14.3 — Full Coverage Endpoints","core endpoint coverage"],"fullName":"Wazuh API Spec v4.14.3 — Full Coverage Endpoints core endpoint coverage should have status and auth endpoints","status":"passed","title":"should have status and auth endpoints","duration":0.36554799999998977,"failureMessages":[],"meta":{}},{"ancestorTitles":["Wazuh API Spec v4.14.3 — Full Coverage Endpoints","read-only enforcement"],"fullName":"Wazuh API Spec v4.14.3 — Full Coverage Endpoints read-only enforcement should not contain any write/delete/put mutation endpoints","status":"passed","title":"should not contain any write/delete/put mutation endpoints","duration":20.502199999999903,"failureMessages":[],"meta":{}}],"startTime":1772840093894,"endTime":1772840094243.5022,"status":"passed","message":"","name":"/home/ubuntu/dang/server/wazuh/wazuhSpecCoverage.test.ts"}]}